2024-05-10 17:50:32,773 [INFO] Activator:176 - 


2024-05-10 17:50:32,790 [INFO] Activator:177 - !SESSION log4j initialized
2024-05-10 17:50:42,173 [INFO] LogOutputStream:77 - [STDOUT_REDIRECT] 
2024-05-10 17:50:45,548 [INFO] ApplicationProperties:184 - Using Application install path: /home/priyanka/st/stm32cubeide_1.13.1/plugins/com.st.stm32cube.common.mx_6.11.1.202404110753
2024-05-10 17:50:45,577 [INFO] DbMcusXml:78 - Set database path to: /home/priyanka/st/stm32cubeide_1.13.1/plugins/com.st.stm32cube.common.mx_6.11.1.202404110753//db//mcu/
2024-05-10 17:50:45,579 [INFO] ApiDb:274 - Set plugin database path to: /home/priyanka/st/stm32cubeide_1.13.1/plugins/com.st.stm32cube.common.mx_6.11.1.202404110753//db//plugins/boardmanager/
2024-05-10 17:50:45,580 [WARN] ApiDb:259 - Overriding images path with different value:  => /home/priyanka/st/stm32cubeide_1.13.1/plugins/com.st.stm32cube.common.mx_6.11.1.202404110753//db//plugins/mcufinder/images/
2024-05-10 17:50:45,593 [INFO] ApiDb:250 - Set database path to: /home/priyanka/.stmcufinder/plugins/mcufinder//mcu/
2024-05-10 17:50:45,595 [INFO] DbMcusAds:125 - Set database path to: /home/priyanka/.stmcufinder/plugins/mcufinder//mcu/
2024-05-10 17:50:45,600 [INFO] CrossReferenceDbSqlite:203 - Set database path to: /home/priyanka/.stmcufinder/plugins/mcufinder//mcu/cs/
2024-05-10 17:50:45,823 [INFO] RulesReader:64 - Compatibility file has been processed (297 Rules)
2024-05-10 17:50:46,005 [INFO] DbMcusXml:78 - Set database path to: /home/priyanka/st/stm32cubeide_1.13.1/plugins/com.st.stm32cube.common.mx_6.11.1.202404110753//db//mcu/
2024-05-10 17:50:46,005 [INFO] ApiDb:274 - Set plugin database path to: /home/priyanka/st/stm32cubeide_1.13.1/plugins/com.st.stm32cube.common.mx_6.11.1.202404110753//db//plugins/boardmanager/
2024-05-10 17:50:46,005 [INFO] ApiDb:261 - Set plugin images path to: /home/priyanka/st/stm32cubeide_1.13.1/plugins/com.st.stm32cube.common.mx_6.11.1.202404110753//db//plugins/mcufinder/images/
2024-05-10 17:50:46,006 [WARN] DbFile:41 - Overriding database path with different value: /home/priyanka/.stmcufinder/plugins/mcufinder/ => /home/priyanka/.stmcufinder/plugins/mcufinder
2024-05-10 17:50:46,006 [INFO] ApiDb:250 - Set database path to: /home/priyanka/.stmcufinder/plugins/mcufinder//mcu/
2024-05-10 17:50:46,006 [WARN] DbFile:41 - Overriding database path with different value: /home/priyanka/.stmcufinder/plugins/mcufinder/ => /home/priyanka/.stmcufinder/plugins/mcufinder
2024-05-10 17:50:46,007 [INFO] DbMcusAds:125 - Set database path to: /home/priyanka/.stmcufinder/plugins/mcufinder//mcu/
2024-05-10 17:50:46,007 [WARN] DbFile:41 - Overriding database path with different value: /home/priyanka/.stmcufinder/plugins/mcufinder/ => /home/priyanka/.stmcufinder/plugins/mcufinder
2024-05-10 17:50:46,007 [WARN] DbFile:41 - Overriding database path with different value: /home/priyanka/.stmcufinder/plugins/mcufinder/ => /home/priyanka/.stmcufinder/plugins/mcufinder
2024-05-10 17:50:46,008 [INFO] CrossReferenceDbSqlite:203 - Set database path to: /home/priyanka/.stmcufinder/plugins/mcufinder//mcu/cs/
2024-05-10 17:50:46,215 [INFO] MainPanel:264 - HeapMemory: 268435456
2024-05-10 17:50:46,507 [INFO] DbMcusXml:78 - Set database path to: /home/priyanka/st/stm32cubeide_1.13.1/plugins/com.st.stm32cube.common.mx_6.11.1.202404110753//db//mcu/
2024-05-10 17:50:46,508 [INFO] ApiDb:274 - Set plugin database path to: /home/priyanka/st/stm32cubeide_1.13.1/plugins/com.st.stm32cube.common.mx_6.11.1.202404110753//db//plugins/boardmanager/
2024-05-10 17:50:46,508 [INFO] ApiDb:261 - Set plugin images path to: /home/priyanka/st/stm32cubeide_1.13.1/plugins/com.st.stm32cube.common.mx_6.11.1.202404110753//db//plugins/mcufinder/images/
2024-05-10 17:50:46,509 [WARN] DbFile:41 - Overriding database path with different value: /home/priyanka/.stmcufinder/plugins/mcufinder/ => /home/priyanka/.stmcufinder/plugins/mcufinder
2024-05-10 17:50:46,509 [INFO] ApiDb:250 - Set database path to: /home/priyanka/.stmcufinder/plugins/mcufinder//mcu/
2024-05-10 17:50:46,509 [WARN] DbFile:41 - Overriding database path with different value: /home/priyanka/.stmcufinder/plugins/mcufinder/ => /home/priyanka/.stmcufinder/plugins/mcufinder
2024-05-10 17:50:46,509 [INFO] DbMcusAds:125 - Set database path to: /home/priyanka/.stmcufinder/plugins/mcufinder//mcu/
2024-05-10 17:50:46,509 [WARN] DbFile:41 - Overriding database path with different value: /home/priyanka/.stmcufinder/plugins/mcufinder/ => /home/priyanka/.stmcufinder/plugins/mcufinder
2024-05-10 17:50:46,509 [WARN] DbFile:41 - Overriding database path with different value: /home/priyanka/.stmcufinder/plugins/mcufinder/ => /home/priyanka/.stmcufinder/plugins/mcufinder
2024-05-10 17:50:46,509 [INFO] CrossReferenceDbSqlite:203 - Set database path to: /home/priyanka/.stmcufinder/plugins/mcufinder//mcu/cs/
2024-05-10 17:50:46,544 [INFO] ApplicationProperties:184 - Using Application install path: /home/priyanka/st/stm32cubeide_1.13.1/plugins/com.st.stm32cube.common.mx_6.11.1.202404110753
2024-05-10 17:50:46,549 [INFO] PluginManage:196 - Search for loadable plugins [exclusion list=, ]
2024-05-10 17:50:46,551 [INFO] PluginManage:310 - Check plugin analytics
2024-05-10 17:50:47,056 [INFO] AnalyticsPlugin:253 - Accepted Software Licenses: 
2024-05-10 17:50:47,057 [INFO] AnalyticsPlugin:255 - Accepted CMSIS Pack Licenses: 
2024-05-10 17:50:47,057 [INFO] AnalyticsPlugin:257 - Accepted Firmware Licenses: 
2024-05-10 17:50:47,075 [INFO] PluginManage:359 - Loaded plugin analytics (category:tool,tabindex:-1)
2024-05-10 17:50:47,076 [INFO] PluginManage:310 - Check plugin cadmodel
2024-05-10 17:50:47,077 [INFO] McuFinderGlobals:63 - Set McuFinder mode to 2 (CubeIDE integrated)
2024-05-10 17:50:47,177 [INFO] CADModel:105 - Init CAD model plugin
2024-05-10 17:50:47,187 [INFO] PluginManage:359 - Loaded plugin cadmodel (category:power,tabindex:5)
2024-05-10 17:50:47,187 [INFO] PluginManage:310 - Check plugin clock
2024-05-10 17:50:47,220 [INFO] PluginManage:359 - Loaded plugin clock (category:base,tabindex:2)
2024-05-10 17:50:47,221 [INFO] PluginManage:310 - Check plugin ddr
2024-05-10 17:50:47,234 [INFO] PluginManage:359 - Loaded plugin ddr (category:tool,tabindex:6)
2024-05-10 17:50:47,234 [INFO] PluginManage:310 - Check plugin filemanager
2024-05-10 17:50:47,702 [INFO] PluginManage:359 - Loaded plugin filemanager (category:base,tabindex:10)
2024-05-10 17:50:47,703 [INFO] PluginManage:310 - Check plugin ipmanager
2024-05-10 17:50:47,717 [INFO] PluginManage:359 - Loaded plugin ipmanager (category:base,tabindex:5)
2024-05-10 17:50:47,718 [INFO] PluginManage:310 - Check plugin lpbam
2024-05-10 17:50:47,736 [INFO] PluginManage:359 - Loaded plugin lpbam (category:base,tabindex:0)
2024-05-10 17:50:47,736 [INFO] PluginManage:310 - Check plugin memorymap
2024-05-10 17:50:47,757 [INFO] PluginManage:359 - Loaded plugin memorymap (category:base,tabindex:4)
2024-05-10 17:50:47,757 [INFO] PluginManage:310 - Check plugin pinoutandconfiguration
2024-05-10 17:50:47,774 [INFO] PluginManage:359 - Loaded plugin pinoutandconfiguration (category:base,tabindex:1)
2024-05-10 17:50:47,775 [INFO] PluginManage:310 - Check plugin pinoutconfig
2024-05-10 17:50:47,996 [WARN] SupportedApi:132 - Cannot load RTOS API schema: s4s-elt-must-match.1: The content of 'definitions' must match (annotation?, (simpleType | complexType)?, (unique | key | keyref)*)). A problem was found starting at: attribute.
2024-05-10 17:50:48,431 [INFO] PluginManage:359 - Loaded plugin pinoutconfig (category:base,tabindex:0)
2024-05-10 17:50:48,431 [INFO] PluginManage:310 - Check plugin power
2024-05-10 17:50:48,470 [INFO] PluginManage:359 - Loaded plugin power (category:power,tabindex:4)
2024-05-10 17:50:48,470 [INFO] PluginManage:310 - Check plugin projectmanager
2024-05-10 17:50:48,519 [INFO] PluginManage:359 - Loaded plugin projectmanager (category:projectmanager,tabindex:3)
2024-05-10 17:50:48,521 [INFO] PluginManage:310 - Check plugin thirdparty
2024-05-10 17:50:48,839 [INFO] PluginManage:359 - Loaded plugin thirdparty (category:base,tabindex:-1)
2024-05-10 17:50:48,841 [INFO] PluginManage:310 - Check plugin tools
2024-05-10 17:50:48,846 [INFO] PluginManage:359 - Loaded plugin tools (category:base,tabindex:7)
2024-05-10 17:50:48,846 [INFO] PluginManage:310 - Check plugin tutovideos
2024-05-10 17:50:48,845 [WARN] IntegrityCheckThread:84 - waiting for thirdparty lock release [integrity check]
2024-05-10 17:50:48,852 [INFO] IntegrityCheckThread:86 - entering critical section [integrity check]
2024-05-10 17:50:48,852 [INFO] ThirdPartyUpdaterWithRetryManager:70 - Updater plugin not ready yet. [1/15]
2024-05-10 17:50:49,300 [INFO] PluginManage:359 - Loaded plugin tutovideos (category:base,tabindex:-1)
2024-05-10 17:50:49,301 [INFO] PluginManage:310 - Check plugin updater
2024-05-10 17:50:49,334 [INFO] PluginManage:359 - Loaded plugin updater (category:base,tabindex:12)
2024-05-10 17:50:49,334 [INFO] PluginManage:310 - Check plugin userauth
2024-05-10 17:50:49,350 [INFO] UserAuth:114 - Init User Auth plugin
2024-05-10 17:50:49,350 [INFO] PluginManage:359 - Loaded plugin userauth (category:base,tabindex:14)
2024-05-10 17:50:49,352 [INFO] PluginManage:283 - PluginManage : Loaded plugins [17]
2024-05-10 17:50:50,858 [INFO] PinOutPanel:1561 - setPackage(No Configuration,No Configuration)
2024-05-10 17:50:51,853 [INFO] ThirdPartyUpdaterWithRetryManager:70 - Updater plugin not ready yet. [2/15]
2024-05-10 17:50:52,198 [INFO] CADModel:165 - CPN selected for project level
2024-05-10 17:50:52,198 [INFO] CADModel:114 - Register for checkConnection events
2024-05-10 17:50:52,416 [INFO] IPUIPlugin:80 - create IPUIPlugin
2024-05-10 17:50:52,417 [INFO] PluginManager:220 - loadIPPluginJar : add dma
2024-05-10 17:50:52,425 [INFO] IPUIPlugin:80 - create IPUIPlugin
2024-05-10 17:50:52,425 [INFO] PluginManager:220 - loadIPPluginJar : add tracer_emb
2024-05-10 17:50:52,438 [INFO] IPUIPlugin:80 - create IPUIPlugin
2024-05-10 17:50:52,438 [INFO] PluginManager:220 - loadIPPluginJar : add touchsensing
2024-05-10 17:50:52,444 [INFO] IPUIPlugin:80 - create IPUIPlugin
2024-05-10 17:50:52,444 [INFO] PluginManager:220 - loadIPPluginJar : add openamp
2024-05-10 17:50:52,451 [INFO] IPUIPlugin:80 - create IPUIPlugin
2024-05-10 17:50:52,451 [INFO] PluginManager:220 - loadIPPluginJar : add lorawan
2024-05-10 17:50:52,458 [INFO] IPUIPlugin:80 - create IPUIPlugin
2024-05-10 17:50:52,459 [INFO] PluginManager:220 - loadIPPluginJar : add pdm2pcm
2024-05-10 17:50:52,464 [INFO] IPUIPlugin:80 - create IPUIPlugin
2024-05-10 17:50:52,464 [INFO] PluginManager:220 - loadIPPluginJar : add gtzc
2024-05-10 17:50:52,472 [INFO] IPUIPlugin:80 - create IPUIPlugin
2024-05-10 17:50:52,472 [INFO] PluginManager:220 - loadIPPluginJar : add usbx
2024-05-10 17:50:52,476 [INFO] IPUIPlugin:80 - create IPUIPlugin
2024-05-10 17:50:52,476 [INFO] PluginManager:220 - loadIPPluginJar : add hash
2024-05-10 17:50:52,479 [INFO] IPUIPlugin:80 - create IPUIPlugin
2024-05-10 17:50:52,480 [INFO] PluginManager:220 - loadIPPluginJar : add genericplugin
2024-05-10 17:50:52,484 [INFO] IPUIPlugin:80 - create IPUIPlugin
2024-05-10 17:50:52,485 [INFO] PluginManager:220 - loadIPPluginJar : add ucpd
2024-05-10 17:50:52,500 [INFO] IPUIPlugin:80 - create IPUIPlugin
2024-05-10 17:50:52,507 [INFO] PluginManager:220 - loadIPPluginJar : add plateformsettings
2024-05-10 17:50:52,516 [INFO] IPUIPlugin:80 - create IPUIPlugin
2024-05-10 17:50:52,517 [INFO] PluginManager:220 - loadIPPluginJar : add opamp
2024-05-10 17:50:52,524 [INFO] IPUIPlugin:80 - create IPUIPlugin
2024-05-10 17:50:52,524 [INFO] PluginManager:220 - loadIPPluginJar : add i3c
2024-05-10 17:50:52,532 [INFO] IPUIPlugin:80 - create IPUIPlugin
2024-05-10 17:50:52,532 [INFO] PluginManager:220 - loadIPPluginJar : add resmgrutility
2024-05-10 17:50:52,539 [INFO] IPUIPlugin:80 - create IPUIPlugin
2024-05-10 17:50:52,539 [INFO] PluginManager:220 - loadIPPluginJar : add spi
2024-05-10 17:50:52,542 [INFO] IPUIPlugin:80 - create IPUIPlugin
2024-05-10 17:50:52,543 [INFO] PluginManager:220 - loadIPPluginJar : add quadspi
2024-05-10 17:50:52,549 [INFO] IPUIPlugin:80 - create IPUIPlugin
2024-05-10 17:50:52,549 [INFO] PluginManager:220 - loadIPPluginJar : add can
2024-05-10 17:50:52,556 [INFO] IPUIPlugin:80 - create IPUIPlugin
2024-05-10 17:50:52,556 [INFO] PluginManager:220 - loadIPPluginJar : add usart
2024-05-10 17:50:52,561 [INFO] IPUIPlugin:80 - create IPUIPlugin
2024-05-10 17:50:52,561 [INFO] PluginManager:220 - loadIPPluginJar : add ts
2024-05-10 17:50:52,576 [INFO] IPUIPlugin:80 - create IPUIPlugin
2024-05-10 17:50:52,577 [INFO] PluginManager:220 - loadIPPluginJar : add linkedlist
2024-05-10 17:50:52,583 [INFO] IPUIPlugin:80 - create IPUIPlugin
2024-05-10 17:50:52,583 [INFO] PluginManager:220 - loadIPPluginJar : add dfsdm
2024-05-10 17:50:52,595 [INFO] IPUIPlugin:80 - create IPUIPlugin
2024-05-10 17:50:52,596 [INFO] PluginManager:220 - loadIPPluginJar : add stm32_wpan
2024-05-10 17:50:52,602 [INFO] IPUIPlugin:80 - create IPUIPlugin
2024-05-10 17:50:52,602 [INFO] PluginManager:220 - loadIPPluginJar : add aes
2024-05-10 17:50:52,615 [INFO] IPUIPlugin:80 - create IPUIPlugin
2024-05-10 17:50:52,615 [INFO] PluginManager:220 - loadIPPluginJar : add adc
2024-05-10 17:50:52,620 [INFO] IPUIPlugin:80 - create IPUIPlugin
2024-05-10 17:50:52,620 [INFO] PluginManager:220 - loadIPPluginJar : add dma3
2024-05-10 17:50:52,630 [INFO] IPUIPlugin:80 - create IPUIPlugin
2024-05-10 17:50:52,630 [INFO] PluginManager:220 - loadIPPluginJar : add gpio
2024-05-10 17:50:52,634 [INFO] IPUIPlugin:80 - create IPUIPlugin
2024-05-10 17:50:52,634 [INFO] PluginManager:220 - loadIPPluginJar : add ltdc
2024-05-10 17:50:52,639 [INFO] IPUIPlugin:80 - create IPUIPlugin
2024-05-10 17:50:52,639 [INFO] PluginManager:220 - loadIPPluginJar : add cryp
2024-05-10 17:50:52,652 [INFO] IPUIPlugin:80 - create IPUIPlugin
2024-05-10 17:50:52,652 [INFO] PluginManager:220 - loadIPPluginJar : add freertos
2024-05-10 17:50:52,658 [INFO] IPUIPlugin:80 - create IPUIPlugin
2024-05-10 17:50:52,658 [INFO] PluginManager:220 - loadIPPluginJar : add i2s
2024-05-10 17:50:52,664 [INFO] IPUIPlugin:80 - create IPUIPlugin
2024-05-10 17:50:52,665 [INFO] PluginManager:220 - loadIPPluginJar : add i2c
2024-05-10 17:50:52,668 [INFO] IPUIPlugin:80 - create IPUIPlugin
2024-05-10 17:50:52,669 [INFO] PluginManager:220 - loadIPPluginJar : add comp
2024-05-10 17:50:52,673 [INFO] IPUIPlugin:80 - create IPUIPlugin
2024-05-10 17:50:52,673 [INFO] PluginManager:220 - loadIPPluginJar : add tim
2024-05-10 17:50:52,680 [INFO] IPUIPlugin:80 - create IPUIPlugin
2024-05-10 17:50:52,681 [INFO] PluginManager:220 - loadIPPluginJar : add ipddr
2024-05-10 17:50:52,689 [INFO] IPUIPlugin:80 - create IPUIPlugin
2024-05-10 17:50:52,689 [INFO] PluginManager:220 - loadIPPluginJar : add fmc
2024-05-10 17:50:52,691 [INFO] IPUIPlugin:80 - create IPUIPlugin
2024-05-10 17:50:52,692 [INFO] PluginManager:220 - loadIPPluginJar : add tsc
2024-05-10 17:50:52,697 [INFO] IPUIPlugin:80 - create IPUIPlugin
2024-05-10 17:50:52,697 [INFO] PluginManager:220 - loadIPPluginJar : add gfxmmu
2024-05-10 17:50:52,706 [INFO] IPUIPlugin:80 - create IPUIPlugin
2024-05-10 17:50:52,707 [INFO] PluginManager:220 - loadIPPluginJar : add mdma
2024-05-10 17:50:52,715 [INFO] IPUIPlugin:80 - create IPUIPlugin
2024-05-10 17:50:52,718 [INFO] PluginManager:220 - loadIPPluginJar : add gic
2024-05-10 17:50:52,729 [INFO] IPUIPlugin:80 - create IPUIPlugin
2024-05-10 17:50:52,729 [INFO] PluginManager:220 - loadIPPluginJar : add nvic
2024-05-10 17:50:52,732 [INFO] IPUIPlugin:80 - create IPUIPlugin
2024-05-10 17:50:52,732 [INFO] PluginManager:220 - loadIPPluginJar : add fatfs
2024-05-10 17:50:52,737 [INFO] IPUIPlugin:80 - create IPUIPlugin
2024-05-10 17:50:52,738 [INFO] PluginManager:220 - loadIPPluginJar : add sai
2024-05-10 17:50:52,742 [INFO] IPUIPlugin:80 - create IPUIPlugin
2024-05-10 17:50:52,742 [INFO] PluginManager:220 - loadIPPluginJar : add extmemmanager
2024-05-10 17:50:52,890 [INFO] CADModel:165 - CPN selected for project level
2024-05-10 17:50:52,890 [INFO] CADModel:114 - Register for checkConnection events
2024-05-10 17:50:52,891 [FATAL] Updater:308 - Updater called before beeing initialized
2024-05-10 17:50:52,891 [ERROR] CADModel:125 - Updater not yet initialized, retry later 
2024-05-10 17:50:53,139 [INFO] CADModel:165 - CPN selected for project level
2024-05-10 17:50:53,139 [INFO] CADModel:114 - Register for checkConnection events
2024-05-10 17:50:53,140 [FATAL] Updater:308 - Updater called before beeing initialized
2024-05-10 17:50:53,140 [ERROR] CADModel:125 - Updater not yet initialized, retry later 
2024-05-10 17:50:53,147 [FATAL] Updater:308 - Updater called before beeing initialized
2024-05-10 17:50:53,431 [FATAL] Updater:308 - Updater called before beeing initialized
2024-05-10 17:50:53,443 [INFO] DbMcusAds:53 - JSON generation date=Wed Nov 29 16:22:27 IST 2023 (1701255147349)
2024-05-10 17:50:53,443 [FATAL] Updater:308 - Updater called before beeing initialized
2024-05-10 17:50:53,528 [WARN] DetailPanel:346 - Failed to get advertising image, set to default
2024-05-10 17:50:53,706 [FATAL] Updater:308 - Updater called before beeing initialized
2024-05-10 17:50:53,712 [FATAL] Updater:308 - Updater called before beeing initialized
2024-05-10 17:50:53,712 [FATAL] Updater:308 - Updater called before beeing initialized
2024-05-10 17:50:53,713 [WARN] DetailPanel:346 - Failed to get advertising image, set to default
2024-05-10 17:50:53,715 [FATAL] Updater:308 - Updater called before beeing initialized
2024-05-10 17:50:53,863 [ERROR] Updater:1120 - MainUpdater not yet initialized. External WinMGr cannot be set.
2024-05-10 17:50:53,867 [INFO] Updater:1056 - Updater Version found : 6.11.1
2024-05-10 17:50:53,915 [INFO] ApplicationProperties:184 - Using Application install path: /home/priyanka/st/stm32cubeide_1.13.1/plugins/com.st.stm32cube.common.mx_6.11.1.202404110753
2024-05-10 17:50:54,644 [INFO] MainUpdater:2873 - connection check result : 10
2024-05-10 17:50:54,646 [INFO] MainUpdater:290 - Updater Check For Update Now.
2024-05-10 17:50:54,646 [INFO] MicroXplorer:498 - Change Database Version : DB.6.0.111
2024-05-10 17:50:54,661 [INFO] McuFinderGlobals:63 - Set McuFinder mode to 2 (CubeIDE integrated)
2024-05-10 17:50:54,672 [INFO] UserAuth:415 - Internet connection configuration mode: 1
2024-05-10 17:50:54,710 [INFO] JxBrowserEngine:152 - Initiate JxBrowser Engine with user profile folder
2024-05-10 17:50:54,854 [WARN] MainUpdater:1194 - Updater busy. Cannot search thirdparties
2024-05-10 17:50:54,854 [INFO] ThirdPartyUpdaterWithRetryManager:96 - Updater plugin is busy. [1/15]
2024-05-10 17:50:55,053 [INFO] CheckServerUpdateThread:120 - End of CheckServer Thread
2024-05-10 17:50:55,064 [INFO] MainUpdater:2873 - connection check result : 10
2024-05-10 17:50:55,067 [INFO] MainUpdater:2873 - connection check result : 10
2024-05-10 17:50:55,128 [INFO] MicroXplorer:468 - Change Database Path : 
2024-05-10 17:50:55,128 [INFO] MicroXplorer:498 - Change Database Version : DB.6.0.111
2024-05-10 17:50:55,150 [WARN] ThirdParty:871 - waiting for thirdparty lock release [close project]
2024-05-10 17:50:58,546 [WARN] PackLoader:240 - Cannot read IP mode file for STMicroelectronics.FP-SNS-MOTENVWB1.1.4.0
2024-05-10 17:50:58,582 [WARN] PackLoader:240 - Cannot read IP mode file for STMicroelectronics.X-CUBE-SMBUS.2.1.0
2024-05-10 17:50:58,591 [WARN] PackLoader:240 - Cannot read IP mode file for STMicroelectronics.X-CUBE-TOUCHGFX.4.23.2
2024-05-10 17:50:58,617 [INFO] WebApp:161 - Instantiating new browser for Auth
2024-05-10 17:50:58,720 [WARN] PackLoader:240 - Cannot read IP mode file for STMicroelectronics.X-CUBE-AZRTOS-F7.1.1.0
2024-05-10 17:50:58,754 [WARN] PackLoader:240 - Cannot read IP mode file for STMicroelectronics.FP-SNS-MOTENV1.4.3.2
2024-05-10 17:50:58,773 [WARN] PackLoader:240 - Cannot read IP mode file for STMicroelectronics.FP-SNS-FLIGHT1.5.0.2
2024-05-10 17:50:58,802 [WARN] PackLoader:240 - Cannot read IP mode file for STMicroelectronics.X-CUBE-DISPLAY.3.0.0
2024-05-10 17:50:59,299 [WARN] PackLoader:240 - Cannot read IP mode file for STMicroelectronics.X-CUBE-BLE1.7.0.0
2024-05-10 17:50:59,560 [WARN] PackLoader:240 - Cannot read IP mode file for emotas.I-CUBE-CANOPEN.1.3.0
2024-05-10 17:50:59,821 [WARN] PackLoader:240 - Cannot read IP mode file for STMicroelectronics.X-CUBE-TOUCHGFX.4.22.0
2024-05-10 17:51:00,095 [WARN] PackLoader:240 - Cannot read IP mode file for STMicroelectronics.X-CUBE-BLEMGR.3.1.0
2024-05-10 17:51:00,342 [WARN] PackLoader:240 - Cannot read IP mode file for STMicroelectronics.FP-SNS-SMARTAG2.1.2.0
2024-05-10 17:51:00,368 [INFO] LogOutputStream:77 - [STDOUT_REDIRECT] 1 : Invalid condition id : UX_CORESTACK_Condition cause : null
2024-05-10 17:51:00,369 [INFO] LogOutputStream:77 - [STDOUT_REDIRECT] 1 : Invalid condition id : UX_CORESTACK_Condition cause : null
2024-05-10 17:51:00,370 [INFO] LogOutputStream:77 - [STDOUT_REDIRECT] 1 : Invalid condition id : UX_CORESTACK_Condition cause : null
2024-05-10 17:51:00,370 [INFO] LogOutputStream:77 - [STDOUT_REDIRECT] 1 : Invalid condition id : UX_CORESTACK_Condition cause : null
2024-05-10 17:51:00,371 [INFO] LogOutputStream:77 - [STDOUT_REDIRECT] 1 : Invalid condition id : UX_CORESTACK_Condition cause : null
2024-05-10 17:51:00,379 [WARN] PackLoader:240 - Cannot read IP mode file for STMicroelectronics.X-CUBE-AZRTOS-WL.2.0.0
2024-05-10 17:51:00,395 [WARN] PackLoader:240 - Cannot read IP mode file for STMicroelectronics.FP-SNS-MOTENV1.5.0.0
2024-05-10 17:51:00,424 [WARN] PackLoader:240 - Cannot read IP mode file for WES.I-CUBE-Cesium.1.3.0
2024-05-10 17:51:00,441 [WARN] PackLoader:240 - Cannot read IP mode file for STMicroelectronics.X-CUBE-BLE2.3.3.0
2024-05-10 17:51:00,462 [WARN] PackLoader:240 - Cannot read IP mode file for STMicroelectronics.X-CUBE-TCPP.4.1.0
2024-05-10 17:51:00,486 [WARN] PackLoader:240 - Cannot read IP mode file for STMicroelectronics.X-CUBE-ALGOBUILD.1.3.0
2024-05-10 17:51:00,557 [WARN] PackLoader:240 - Cannot read IP mode file for STMicroelectronics.X-CUBE-AZRTOS-G0.1.1.0
2024-05-10 17:51:00,583 [WARN] PackLoader:240 - Cannot read IP mode file for STMicroelectronics.X-CUBE-SAFEA1.1.2.2
2024-05-10 17:51:00,596 [WARN] PackLoader:240 - Cannot read IP mode file for STMicroelectronics.X-CUBE-NFC4.3.0.0
2024-05-10 17:51:00,619 [WARN] PackLoader:240 - Cannot read IP mode file for STMicroelectronics.FP-ATR-SIGFOX1.3.2.0
2024-05-10 17:51:00,637 [WARN] PackLoader:240 - Cannot read IP mode file for STMicroelectronics.X-CUBE-EEPRMA1.5.1.0
2024-05-10 17:51:00,689 [WARN] PackLoader:240 - Cannot read IP mode file for ITTIA_DB.I-CUBE-ITTIADB.8.9.0
2024-05-10 17:51:00,786 [WARN] PackLoader:240 - Cannot read IP mode file for SEGGER.I-CUBE-embOS.1.3.1
2024-05-10 17:51:00,908 [WARN] PackLoader:240 - Cannot read IP mode file for STMicroelectronics.X-CUBE-GNSS1.6.0.0
2024-05-10 17:51:00,954 [WARN] PackLoader:240 - Cannot read IP mode file for STMicroelectronics.X-CUBE-AZRTOS-F4.1.1.0
2024-05-10 17:51:00,965 [WARN] PackLoader:240 - Cannot read IP mode file for wolfSSL.I-CUBE-wolfSSL.5.6.3
2024-05-10 17:51:00,978 [WARN] PackLoader:240 - Cannot read IP mode file for STMicroelectronics.X-CUBE-FREERTOS.1.2.0
2024-05-10 17:51:01,029 [WARN] PackLoader:240 - Cannot read IP mode file for STMicroelectronics.X-CUBE-AZRTOS-L5.2.0.0
2024-05-10 17:51:01,126 [WARN] PackLoader:240 - Cannot read IP mode file for STMicroelectronics.X-CUBE-MEMS1.9.6.0
2024-05-10 17:51:01,703 [WARN] PackLoader:240 - Cannot read IP mode file for STMicroelectronics.X-CUBE-NFC6.3.1.0
2024-05-10 17:51:01,731 [WARN] PackLoader:240 - Cannot read IP mode file for STMicroelectronics.X-CUBE-BLEMGR.2.0.0
2024-05-10 17:51:01,740 [WARN] PackLoader:240 - Cannot read IP mode file for STMicroelectronics.X-CUBE-AI.9.0.0
2024-05-10 17:51:01,776 [WARN] ConditionMgr:438 - getConditionDescription Invalid condition id : UX DEVICE CLASS RTOS Condition cause : null
2024-05-10 17:51:01,777 [WARN] ConditionMgr:438 - getConditionDescription Invalid condition id : UX DEVICE CLASS RTOS Condition cause : null
2024-05-10 17:51:01,799 [WARN] PackLoader:240 - Cannot read IP mode file for STMicroelectronics.X-CUBE-AZRTOS-H7.3.1.0
2024-05-10 17:51:01,801 [WARN] ConditionMgr:1039 - genDependencies : Invalid condition id : UX DEVICE CLASS RTOS Condition cause : null
2024-05-10 17:51:01,801 [WARN] ConditionMgr:1039 - genDependencies : Invalid condition id : UX DEVICE CLASS RTOS Condition cause : null
2024-05-10 17:51:01,803 [WARN] ConditionMgr:1039 - genDependencies : Invalid condition id : UX DEVICE CLASS RTOS Condition cause : null
2024-05-10 17:51:01,804 [WARN] ConditionMgr:1039 - genDependencies : Invalid condition id : UX DEVICE CLASS RTOS Condition cause : null
2024-05-10 17:51:01,804 [WARN] ConditionMgr:1039 - genDependencies : Invalid condition id : UX DEVICE CLASS RTOS Condition cause : null
2024-05-10 17:51:01,816 [WARN] PackLoader:240 - Cannot read IP mode file for STMicroelectronics.X-CUBE-NFC7.1.0.1
2024-05-10 17:51:01,832 [WARN] PackLoader:240 - Cannot read IP mode file for STMicroelectronics.X-CUBE-NFC6.3.0.0
2024-05-10 17:51:01,849 [WARN] PackLoader:240 - Cannot read IP mode file for STMicroelectronics.X-CUBE-EEPRMA1.4.1.0
2024-05-10 17:51:01,858 [WARN] PackLoader:240 - Cannot read IP mode file for STMicroelectronics.X-CUBE-AI.8.1.0
2024-05-10 17:51:01,883 [INFO] WebApp:779 - Register for checkConnection events
2024-05-10 17:51:01,883 [INFO] WebApp:414 - Apply proxy settings
2024-05-10 17:51:01,883 [INFO] WebApp:499 - Chromium requires no authentication
2024-05-10 17:51:01,896 [INFO] WebApp:442 - Direct internet connection detected
2024-05-10 17:51:01,901 [WARN] ConditionMgr:438 - getConditionDescription Invalid condition id : LAN8742 Phy interface Condition cause : null
2024-05-10 17:51:01,902 [WARN] PackLoader:240 - Cannot read IP mode file for STMicroelectronics.X-CUBE-AZRTOS-L4.2.0.0
2024-05-10 17:51:01,906 [WARN] ConditionMgr:1039 - genDependencies : Invalid condition id : LAN8742 Phy interface Condition cause : null
2024-05-10 17:51:01,907 [WARN] ConditionMgr:1039 - genDependencies : Invalid condition id : LAN8742 Phy interface Condition cause : null
2024-05-10 17:51:01,908 [WARN] ConditionMgr:1039 - genDependencies : Invalid condition id : LAN8742 Phy interface Condition cause : null
2024-05-10 17:51:01,920 [WARN] PackLoader:240 - Cannot read IP mode file for STMicroelectronics.X-CUBE-SFXS2LP1.4.0.0
2024-05-10 17:51:01,928 [WARN] PackLoader:240 - Cannot read IP mode file for STMicroelectronics.X-CUBE-ISPU.1.1.0
2024-05-10 17:51:01,950 [WARN] ConditionMgr:438 - getConditionDescription Invalid condition id : UX DEVICE CLASS RTOS Condition cause : null
2024-05-10 17:51:01,951 [WARN] ConditionMgr:438 - getConditionDescription Invalid condition id : UX DEVICE CLASS RTOS Condition cause : null
2024-05-10 17:51:01,956 [WARN] PackLoader:240 - Cannot read IP mode file for STMicroelectronics.X-CUBE-AZRTOS-WB.2.0.0
2024-05-10 17:51:01,957 [WARN] ConditionMgr:1039 - genDependencies : Invalid condition id : UX DEVICE CLASS RTOS Condition cause : null
2024-05-10 17:51:01,958 [WARN] ConditionMgr:1039 - genDependencies : Invalid condition id : UX DEVICE CLASS RTOS Condition cause : null
2024-05-10 17:51:01,959 [WARN] ConditionMgr:1039 - genDependencies : Invalid condition id : UX DEVICE CLASS RTOS Condition cause : null
2024-05-10 17:51:01,959 [WARN] ConditionMgr:1039 - genDependencies : Invalid condition id : UX DEVICE CLASS RTOS Condition cause : null
2024-05-10 17:51:01,960 [WARN] ConditionMgr:1039 - genDependencies : Invalid condition id : UX DEVICE CLASS RTOS Condition cause : null
2024-05-10 17:51:01,979 [WARN] PackLoader:240 - Cannot read IP mode file for STMicroelectronics.X-CUBE-SUBG2.5.0.0
2024-05-10 17:51:02,007 [WARN] PackLoader:240 - Cannot read IP mode file for STMicroelectronics.X-CUBE-TOF1.3.3.1
2024-05-10 17:51:02,053 [WARN] PackLoader:240 - Cannot read IP mode file for STMicroelectronics.X-CUBE-AZRTOS-G4.2.0.0
2024-05-10 17:51:02,063 [WARN] PackLoader:240 - Cannot read IP mode file for STMicroelectronics.X-CUBE-ISPU.2.0.0
2024-05-10 17:51:02,149 [WARN] PackLoader:240 - Cannot read IP mode file for STMicroelectronics.X-CUBE-MEMS1.10.0.0
2024-05-10 17:51:02,226 [INFO] WebApp:192 - Starting web application
2024-05-10 17:51:02,227 [INFO] WebApp:544 - Web application path used /home/priyanka/st/stm32cubeide_1.13.1/plugins/com.st.stm32cube.common.mx_6.11.1.202404110753/db/plugins/mcufinder/reactClient1/index.html
2024-05-10 17:51:02,457 [WARN] PackLoader:240 - Cannot read IP mode file for STMicroelectronics.X-CUBE-FREERTOS.1.1.0
2024-05-10 17:51:02,465 [WARN] PackLoader:240 - Cannot read IP mode file for portGmbH.I-Cube-SoM-uGOAL.1.1.0
2024-05-10 17:51:02,471 [WARN] PackLoader:240 - Cannot read IP mode file for STMicroelectronics.X-CUBE-ALS.1.0.1
2024-05-10 17:51:02,529 [WARN] PackLoader:240 - Cannot read IP mode file for STMicroelectronics.X-CUBE-AZRTOS-H7RS.1.0.0
2024-05-10 17:51:02,550 [WARN] PackLoader:240 - Cannot read IP mode file for STMicroelectronics.FP-ATR-ASTRA1.2.0.0
2024-05-10 17:51:02,600 [WARN] PackLoader:240 - Cannot read IP mode file for STMicroelectronics.X-CUBE-TOF1.3.4.1
2024-05-10 17:51:02,663 [WARN] PackLoader:240 - Cannot read IP mode file for STMicroelectronics.X-CUBE-AZRTOS-H7.3.2.0
2024-05-10 17:51:02,692 [WARN] PackLoader:240 - Cannot read IP mode file for Infineon.AIROC-Wi-Fi-Bluetooth-STM32.1.6.0
2024-05-10 17:51:02,701 [INFO] ThirdParty:978 - Integrity check success = true
2024-05-10 17:51:02,702 [INFO] IntegrityCheckThread:100 - exiting critical section [integrity check]
2024-05-10 17:51:02,703 [INFO] ThirdParty:873 - entering critical section [close project]
2024-05-10 17:51:02,703 [INFO] IntegrityCheckThread:103 - End integrity checks thread
2024-05-10 17:51:02,704 [INFO] ThirdParty:883 - exiting critical section [close project]
2024-05-10 17:51:02,708 [INFO] PinOutPanel:1561 - setPackage(No Configuration,No Configuration)
2024-05-10 17:51:02,717 [INFO] UtilMem:75 - Begin LoadConfig() Used Memory: 221355496 Bytes (298844160)
2024-05-10 17:51:02,719 [INFO] MicroXplorer:468 - Change Database Path : 
2024-05-10 17:51:02,719 [INFO] MicroXplorer:498 - Change Database Version : DB.6.0.111
2024-05-10 17:51:02,721 [INFO] OpenFileManager:312 - Change cursor
2024-05-10 17:51:02,798 [INFO] Mcu:2021 - Initializing MCU STM32F103C(8-B)Tx STM32F103C8Tx STM32F103C8T6
2024-05-10 17:51:04,681 [INFO] Context:663 - Trying to add GPIOservice into a context  which must be forbidden
2024-05-10 17:51:05,926 [INFO] RtosManager:555 - Registered RTOS mode: class=CMSIS, group=RTOS, mode=CMSIS_V1, owner=FREERTOS
2024-05-10 17:51:05,926 [INFO] RtosManager:555 - Registered RTOS mode: class=CMSIS, group=RTOS2, mode=CMSIS_V2, owner=FREERTOS
2024-05-10 17:51:05,927 [INFO] RtosManager:555 - Registered RTOS mode: class=RTOS, group=Core, mode=CMSIS_V1, owner=FREERTOS
2024-05-10 17:51:05,927 [INFO] RtosManager:555 - Registered RTOS mode: class=RTOS, group=Core, mode=CMSIS_V2, owner=FREERTOS
2024-05-10 17:51:05,927 [WARN] ModelIntegratedComponent:184 - Missing modes for component STMicroelectronics:FreeRTOS:0.0.1:STMicroelectronics:RTOS:FreeRTOS:Core:::10.2.0:
2024-05-10 17:51:05,953 [WARN] ModelIntegratedComponent:63 - No mode defined for component null
2024-05-10 17:51:05,953 [WARN] ModelIntegratedComponent:63 - No mode defined for component null
2024-05-10 17:51:05,953 [WARN] ModelIntegratedComponent:63 - No mode defined for component null
2024-05-10 17:51:05,953 [WARN] ModelIntegratedComponent:63 - No mode defined for component null
2024-05-10 17:51:05,953 [WARN] ModelIntegratedComponent:63 - No mode defined for component null
2024-05-10 17:51:05,953 [WARN] ModelIntegratedComponent:63 - No mode defined for component null
2024-05-10 17:51:05,954 [WARN] ModelIntegratedComponent:63 - No mode defined for component null
2024-05-10 17:51:05,954 [WARN] ModelIntegratedComponent:63 - No mode defined for component null
2024-05-10 17:51:05,954 [WARN] ModelIntegratedComponent:63 - No mode defined for component null
2024-05-10 17:51:05,954 [WARN] ModelIntegratedComponent:63 - No mode defined for component null
2024-05-10 17:51:05,954 [WARN] ModelIntegratedComponent:63 - No mode defined for component null
2024-05-10 17:51:05,954 [WARN] ModelIntegratedComponent:63 - No mode defined for component null
2024-05-10 17:51:05,954 [WARN] ModelIntegratedComponent:63 - No mode defined for component null
2024-05-10 17:51:05,955 [WARN] ModelIntegratedComponent:63 - No mode defined for component null
2024-05-10 17:51:05,955 [WARN] ModelIntegratedComponent:63 - No mode defined for component null
2024-05-10 17:51:05,955 [WARN] ModelIntegratedComponent:63 - No mode defined for component null
2024-05-10 17:51:05,955 [WARN] ModelIntegratedComponent:63 - No mode defined for component null
2024-05-10 17:51:05,955 [WARN] ModelIntegratedComponent:63 - No mode defined for component null
2024-05-10 17:51:05,955 [WARN] ModelIntegratedComponent:63 - No mode defined for component null
2024-05-10 17:51:05,956 [WARN] ModelIntegratedComponent:63 - No mode defined for component null
2024-05-10 17:51:05,956 [WARN] ModelIntegratedComponent:63 - No mode defined for component null
2024-05-10 17:51:05,956 [WARN] ModelIntegratedComponent:63 - No mode defined for component null
2024-05-10 17:51:05,956 [WARN] ModelIntegratedComponent:63 - No mode defined for component null
2024-05-10 17:51:05,956 [WARN] ModelIntegratedComponent:63 - No mode defined for component null
2024-05-10 17:51:05,956 [WARN] ModelIntegratedComponent:63 - No mode defined for component null
2024-05-10 17:51:05,956 [WARN] ModelIntegratedComponent:63 - No mode defined for component null
2024-05-10 17:51:05,957 [WARN] ModelIntegratedComponent:63 - No mode defined for component null
2024-05-10 17:51:05,957 [WARN] ModelIntegratedComponent:63 - No mode defined for component null
2024-05-10 17:51:05,957 [WARN] ModelIntegratedComponent:63 - No mode defined for component null
2024-05-10 17:51:05,957 [WARN] ModelIntegratedComponent:63 - No mode defined for component null
2024-05-10 17:51:05,957 [WARN] ModelIntegratedComponent:63 - No mode defined for component null
2024-05-10 17:51:05,957 [WARN] ModelIntegratedComponent:63 - No mode defined for component null
2024-05-10 17:51:05,957 [WARN] ModelIntegratedComponent:63 - No mode defined for component null
2024-05-10 17:51:05,957 [WARN] ModelIntegratedComponent:63 - No mode defined for component null
2024-05-10 17:51:06,395 [INFO] ThirdPartyModel:298 - Start build external matchings
2024-05-10 17:51:07,396 [INFO] ThirdPartyModel:316 - End build external matchings
2024-05-10 17:51:07,444 [INFO] RtosManager:919 - Current active RTOS is FREERTOS [Cortex-M3NS]
2024-05-10 17:51:07,464 [INFO] ImportTextPane:194 - (OptionalMessage_ERROR) IP (RCC) : Parameter (ADCFreqValue) has invalid value (36000000)
2024-05-10 17:51:07,465 [INFO] ImportTextPane:194 - (OptionalMessage_ERROR) IP (RCC) : Invalid parameter (FamilyName)
2024-05-10 17:51:07,465 [INFO] ImportTextPane:194 - (OptionalMessage_ERROR) IP (RCC) : Parameter (MCOFreq_Value) has invalid value (72000000)
2024-05-10 17:51:07,805 [INFO] ApiDb:581 - Connected to CubeFinder SQLite database (/home/priyanka/.stmcufinder/plugins/mcufinder/mcu/cube-finder-db.db)
2024-05-10 17:51:07,927 [INFO] ApiDb:668 - CubeFinder database Data Model version=2.1
2024-05-10 17:51:07,928 [INFO] ApiDb:669 - CubeFinder database Configuration version=3.0.39
2024-05-10 17:51:07,928 [INFO] ApiDb:670 - CubeFinder database generation date=2024-04-15 (1713193726)
2024-05-10 17:51:07,928 [INFO] ApiDb:671 - CubeFinder database FW Pack versions=[FP-ATR-ASTRA1_V2.0.0, FP-SNS-FLIGHT1_V5.0.1, FP-SNS-FLIGHT1_V5.0.2, FP-SNS-MOTENV1_V4.3.1, FP-SNS-MOTENV1_V4.3.2, FP-SNS-MOTENVWB1_V1.3.1, FP-SNS-SMARTAG2_V1.2.0, STM32Cube_FW_C0_V1.1.0, STM32Cube_FW_F4_V1.28.0, STM32Cube_FW_F7_V1.17.0, STM32Cube_FW_G0_V1.6.2, STM32Cube_FW_G4_V1.5.2, STM32Cube_FW_H5_V0.5.1, STM32Cube_FW_H5_V1.1.1, STM32Cube_FW_H5_V1.2.0, STM32Cube_FW_H5_V1.2.0RC4, STM32Cube_FW_H7RS_V1.0.0, STM32Cube_FW_H7RS_V1.0.0RC4, STM32Cube_FW_H7_V1.11.0, STM32Cube_FW_L0_V1.12.2, STM32Cube_FW_L5_V1.5.1, STM32Cube_FW_U0_V1.0.0, STM32Cube_FW_U0_V1.0.0RC1, STM32Cube_FW_U5_V1.3.0RC4, STM32Cube_FW_U5_V1.5.0, STM32Cube_FW_U5_V1.5.0RC1, STM32Cube_FW_WBA_V1.0.0RC1, STM32Cube_FW_WBA_V1.2.0, STM32Cube_FW_WBA_V1.2.0RC2, STM32Cube_FW_WBA_V1.3.0, STM32Cube_FW_WBA_V1.3.0RC1, STM32Cube_FW_WB_V1.15.0RC1, STM32Cube_FW_WB_V1.16.0, STM32Cube_FW_WB_V1.16.0RC2, STM32Cube_FW_WB_V1.18.0, STM32Cube_FW_WB_V1.19.0, STM32Cube_FW_WL_V1.3.0, X-CUBE-ALGOBUILD_V1.3.0, X-CUBE-ALS_V1.0.1, X-CUBE-AZRTOS-F4_V1.1.0, X-CUBE-AZRTOS-F7_V1.1.0, X-CUBE-AZRTOS-G0_V1.1.0, X-CUBE-AZRTOS-G4_V2.0.0, X-CUBE-AZRTOS-H7_V3.2.0, X-CUBE-AZRTOS-L4_V1.0.0, X-CUBE-AZRTOS-L4_V2.0.0, X-CUBE-AZRTOS-L5_V1.1.0, X-CUBE-AZRTOS-WB_V2.0.0, X-CUBE-AZRTOS-WL_V2.0.0, X-CUBE-BLE1_V7.0.0, X-CUBE-BLE2_V3.3.0, X-CUBE-BLEMGR_V3.1.0, X-CUBE-EEPRMA1_V4.1.0, X-CUBE-EEPRMA1_V5.1.0, X-CUBE-FREERTOS_V1.1.0, X-CUBE-GNSS1_V6.0.0, X-CUBE-MEMS1_V10.0.0, X-CUBE-MEMS1_V9.1.0, X-CUBE-MEMS1_V9.4.0, X-CUBE-MEMS1_V9.6.0, X-CUBE-NFC4_V3.0.0, X-CUBE-NFC7_V1.0.1, X-CUBE-SFXS2LP1_V4.0.0, X-CUBE-SUBG2_V5.0.0, X-CUBE-TOF1_V3.4.0]
2024-05-10 17:51:08,134 [INFO] DbBoardsSqlite:226 - include board P-NUCLEO-WB55-NUCLEO as a kit item of type 'Nucleo-64'
2024-05-10 17:51:08,135 [INFO] DbBoardsSqlite:226 - include board P-NUCLEO-WB55-USBDONGLE as a kit item of type 'Nucleo USB Dongle'
2024-05-10 17:51:08,137 [INFO] DbBoardsSqlite:226 - include board STEVAL-IDP005V1 as a kit item of type 'Evaluation Board'
2024-05-10 17:51:08,137 [INFO] DbBoardsSqlite:226 - include board STEVAL-IDP005V2 as a kit item of type 'Evaluation Board'
2024-05-10 17:51:08,386 [INFO] ApiDb:240 - Found 483 in-development CPN: [B-G473E-ZEST1S, B-WB1M-WPAN1, B-WL5M-SUBG1, NUCLEO-C031C6, NUCLEO-H503RB, NUCLEO-H533RE, NUCLEO-H563ZI, NUCLEO-H7S3L8, NUCLEO-U031R8, NUCLEO-U083RC, NUCLEO-U545RE-Q, NUCLEO-U5A5ZJ-Q, NUCLEO-WBA52CG, NUCLEO-WBA55CG, STEVAL-PROTEUS1, STEVAL-SMARTAG2, STEVAL-STWINBX1, STM320518-EVAL, STM32C0116-DK, STM32C011D6Y3TR, STM32C011D6Y6TR, STM32C011F4P3, STM32C011F4P6, STM32C011F4U3, STM32C011F4U6TR, STM32C011F6P3, STM32C011F6P6, STM32C011F6U3, STM32C011F6U6TR, STM32C011J4M3, STM32C011J4M6, STM32C011J6M3, STM32C011J6M6, STM32C0316-DK, STM32C031C4T3, STM32C031C4T6, STM32C031C4U3, STM32C031C4U6, STM32C031C6T3, STM32C031C6T6, STM32C031C6U3, STM32C031C6U6, STM32C031F4P3, STM32C031F4P6, STM32C031F6P3, STM32C031F6P6, STM32C031G4U3, STM32C031G4U6, STM32C031G6U3, STM32C031G6U6, STM32C031K4T3, STM32C031K4T6, STM32C031K4U3, STM32C031K4U6, STM32C031K6T3, STM32C031K6T6, STM32C031K6U3, STM32C031K6U6, STM32G071K8TXN, STM32G071K8UXN, STM32G081GBU6N, STM32G081KBT6N, STM32G081KBUXN, STM32G0B1CCT6N, STM32G0B1KCT6, STM32G0B1NEY6TR, STM32G0B1RCT6N, STM32G0C1CCT6, STM32G0C1CCT6N, STM32G0C1CCU6N, STM32G0C1CET6N, STM32G0C1CEU6N, STM32G0C1KCT6, STM32G0C1NEY6TR, STM32G0C1RCI6N, STM32G0C1RCT6N, STM32G0C1REI6N, STM32G0C1RET6N, STM32G0C1VCI6, STM32G0C1VEI6, STM32G471CCT6, STM32G471CCU6, STM32G471CET3, STM32G471CET6, STM32G471CEU3, STM32G471CEU6, STM32G471MCT6, STM32G471MET3, STM32G471MET6, STM32G471MEY6TR, STM32G471QCT6, STM32G471QET3, STM32G471RCT6, STM32G471RET3, STM32G471RET6, STM32G471VCH6, STM32G471VCI6, STM32G471VCT6, STM32G471VEH3, STM32G471VEH6, STM32G471VEI3, STM32G471VEI6, STM32G471VET3, STM32G471VET6, STM32G474CCT6, STM32H503CBT6, STM32H503CBU6, STM32H503EBY6TR, STM32H503KBU6, STM32H503RBT6, STM32H523CCT6, STM32H523CCU6, STM32H523CET6, STM32H523CEU6, STM32H523HEY6TR, STM32H523RCT6, STM32H523RET6, STM32H523VCI6, STM32H523VCT6, STM32H523VEI6, STM32H523VET6, STM32H523ZCJ6, STM32H523ZCT6, STM32H523ZEJ6, STM32H523ZET6, STM32H533CET6, STM32H533CEU6, STM32H533HEY6TR, STM32H533RET6, STM32H533VEI6, STM32H533VET6, STM32H533ZEJ6, STM32H533ZET6, STM32H562AGI6, STM32H562AII6, STM32H562IGK6, STM32H562IGT6, STM32H562IIK6, STM32H562IIT6, STM32H562RGT6, STM32H562RGV6, STM32H562RIT6, STM32H562RIV6, STM32H562VGT6, STM32H562VIT6, STM32H562ZGT6, STM32H562ZIT6, STM32H563AGI6, STM32H563AII3Q, STM32H563AII6, STM32H563IGK6, STM32H563IGT6, STM32H563IIK3Q, STM32H563IIK6, STM32H563IIT3Q, STM32H563IIT6, STM32H563MIY3QTR, STM32H563RGT6, STM32H563RGV6, STM32H563RIT6, STM32H563RIV6, STM32H563VGT6, STM32H563VIT3Q, STM32H563VIT6, STM32H563ZGT6, STM32H563ZIT3Q, STM32H563ZIT6, STM32H573AII3Q, STM32H573AII6, STM32H573I-DK, STM32H573IIK3Q, STM32H573IIK6, STM32H573IIT3Q, STM32H573IIT6, STM32H573MIY3QTR, STM32H573RIT6, STM32H573RIV6, STM32H573VIT3Q, STM32H573VIT6, STM32H573ZIT3Q, STM32H573ZIT6, STM32H7R3A8I6, STM32H7R3I8K6, STM32H7R3I8T6, STM32H7R3L8H6, STM32H7R3L8H6H, STM32H7R3R8V6, STM32H7R3V8H6, STM32H7R3V8T6, STM32H7R3V8Y6, STM32H7R3Z8J6, STM32H7R3Z8T6, STM32H7R7A8I6, STM32H7R7I8K6, STM32H7R7I8T6, STM32H7R7L8H6, STM32H7R7L8H6H, STM32H7R7Z8J6, STM32H7S3A8I6, STM32H7S3I8K6, STM32H7S3I8T6, STM32H7S3L8H6, STM32H7S3L8H6H, STM32H7S3R8V6, STM32H7S3V8H6, STM32H7S3V8T6, STM32H7S3V8Y6, STM32H7S3Z8J6, STM32H7S3Z8T6, STM32H7S78-DK, STM32H7S7A8I6, STM32H7S7I8K6, STM32H7S7I8T6, STM32H7S7L8H6, STM32H7S7L8H6H, STM32H7S7Z8J6, STM32L4R5QGI6STR, STM32MP131AAE3, STM32MP131AAF3, STM32MP131AAG3, STM32MP131CAE3, STM32MP131CAF3, STM32MP131CAG3, STM32MP131DAE7, STM32MP131DAF7, STM32MP131DAG7, STM32MP131FAE7, STM32MP131FAF7, STM32MP131FAG7, STM32MP133AAE3, STM32MP133AAF3, STM32MP133AAG3, STM32MP133CAE3, STM32MP133CAF3, STM32MP133CAG3, STM32MP133DAE7, STM32MP133DAF7, STM32MP133DAG7, STM32MP133FAE7, STM32MP133FAF7, STM32MP133FAG7, STM32MP135AAE3, STM32MP135AAF3, STM32MP135AAG3, STM32MP135CAE3, STM32MP135CAF3, STM32MP135CAG3, STM32MP135DAE7, STM32MP135DAF7, STM32MP135DAG7, STM32MP135F-DK, STM32MP135FAE7, STM32MP135FAF7, STM32MP135FAF7T, STM32MP135FAF7U, STM32MP135FAG7, STM32U031C6T6, STM32U031C6U6, STM32U031C8T6, STM32U031C8U6, STM32U031F4P6, STM32U031F6P6, STM32U031F8P6, STM32U031G6Y6TR, STM32U031G8Y6TR, STM32U031K4U6, STM32U031K6U6, STM32U031K8U6, STM32U031R6I6, STM32U031R6T6, STM32U031R8I6, STM32U031R8T6, STM32U073C8T6, STM32U073C8U6, STM32U073CBT6, STM32U073CBU6, STM32U073CCT6, STM32U073CCU6, STM32U073H8Y6TR, STM32U073HBY6TR, STM32U073HCY6TR, STM32U073K8U6, STM32U073KBU6, STM32U073KCU6, STM32U073M8I6, STM32U073M8T6, STM32U073MBI6, STM32U073MBT6, STM32U073MCI6, STM32U073MCT6, STM32U073R8I6, STM32U073R8T6, STM32U073RBI6, STM32U073RBT6, STM32U073RCI6, STM32U073RCT6, STM32U083C-DK, STM32U083CCT6, STM32U083CCU6, STM32U083HCY6TR, STM32U083KCU6, STM32U083MCI6, STM32U083MCT6, STM32U083RCI6, STM32U083RCT6, STM32U535CBT6, STM32U535CBT6Q, STM32U535CBU6, STM32U535CBU6Q, STM32U535CCT6, STM32U535CCT6Q, STM32U535CCU6, STM32U535CCU6Q, STM32U535CET6, STM32U535CET6Q, STM32U535CEU6, STM32U535CEU6Q, STM32U535JEY6QTR, STM32U535NCY6QTR, STM32U535NEY6QTR, STM32U535RBI6, STM32U535RBI6Q, STM32U535RBT6, STM32U535RBT6Q, STM32U535RCI6, STM32U535RCI6Q, STM32U535RCT6, STM32U535RCT6Q, STM32U535REI6, STM32U535REI6Q, STM32U535RET6, STM32U535RET6Q, STM32U535VCI6, STM32U535VCI6Q, STM32U535VCT6, STM32U535VCT6Q, STM32U535VEI6, STM32U535VEI6Q, STM32U535VET6, STM32U535VET6Q, STM32U545CET6, STM32U545CET6Q, STM32U545CEU6, STM32U545CEU6Q, STM32U545JEY6QTR, STM32U545NEY6QTR, STM32U545REI6, STM32U545REI6Q, STM32U545RET6, STM32U545RET6Q, STM32U545VEI6, STM32U545VEI6Q, STM32U545VET6, STM32U545VET6Q, STM32U595AIH6, STM32U595AIH6Q, STM32U595AJH6, STM32U595AJH6Q, STM32U595QII6, STM32U595QII6Q, STM32U595QJI6, STM32U595QJI6Q, STM32U595RIT6, STM32U595RIT6Q, STM32U595RJT6, STM32U595RJT6Q, STM32U595VIT6, STM32U595VIT6Q, STM32U595VJT6, STM32U595VJT6Q, STM32U595ZIT6, STM32U595ZIT6Q, STM32U595ZIY6QTR, STM32U595ZJT6, STM32U595ZJT6Q, STM32U595ZJY6QTR, STM32U599BJY6QTR, STM32U599NIH6Q, STM32U599NJH6Q, STM32U599VIT6Q, STM32U599VJT6, STM32U599VJT6Q, STM32U599ZIT6Q, STM32U599ZIY6QTR, STM32U599ZJT6Q, STM32U599ZJY6QTR, STM32U5A5AJH6, STM32U5A5AJH6Q, STM32U5A5QII3Q , STM32U5A5QJI6, STM32U5A5QJI6Q, STM32U5A5RJT6, STM32U5A5RJT6Q, STM32U5A5VJT6, STM32U5A5VJT6Q, STM32U5A5ZJT6, STM32U5A5ZJT6Q, STM32U5A5ZJY6QTR, STM32U5A9BJY6QTR, STM32U5A9J-DK, STM32U5A9NJH6Q, STM32U5A9VJT6Q, STM32U5A9ZJT6Q, STM32U5A9ZJY6QTR, STM32U5F7VIT6, STM32U5F7VIT6Q, STM32U5F7VJT6, STM32U5F7VJT6Q, STM32U5F9BJY6QTR, STM32U5F9NJH6Q, STM32U5F9VIT6Q, STM32U5F9VJT6Q, STM32U5F9ZIJ6QTR, STM32U5F9ZIT6Q, STM32U5F9ZJJ6QTR, STM32U5F9ZJT6Q, STM32U5G7VJT6, STM32U5G7VJT6Q, STM32U5G9BJY6QTR, STM32U5G9J-DK1, STM32U5G9J-DK2, STM32U5G9NJH6Q, STM32U5G9VJT6Q, STM32U5G9ZJJ6QTR, STM32U5G9ZJT6Q, STM32WB1MMCH6, STM32WBA50KEU6, STM32WBA50KEU6TR, STM32WBA50KGU6, STM32WBA50KGU6TR, STM32WBA52CEU6, STM32WBA52CEU6TR, STM32WBA52CEU7, STM32WBA52CEU7TR, STM32WBA52CGU6, STM32WBA52CGU6TR, STM32WBA52CGU6U, STM32WBA52CGU7, STM32WBA52CGU7TR, STM32WBA52KEU6, STM32WBA52KEU6TR, STM32WBA52KGU6, STM32WBA52KGU6TR, STM32WBA54CEU6, STM32WBA54CEU6TR, STM32WBA54CEU7, STM32WBA54CEU7TR, STM32WBA54CGU6, STM32WBA54CGU6TR, STM32WBA54CGU7, STM32WBA54CGU7TR, STM32WBA54KEU6, STM32WBA54KEU6TR, STM32WBA54KEU7, STM32WBA54KEU7TR, STM32WBA54KGU6, STM32WBA54KGU6TR, STM32WBA54KGU7, STM32WBA54KGU7TR, STM32WBA55CEU6, STM32WBA55CEU6TR, STM32WBA55CEU7, STM32WBA55CEU7TR, STM32WBA55CGU6, STM32WBA55CGU6TR, STM32WBA55CGU6U, STM32WBA55CGU7, STM32WBA55CGU7TR, STM32WBA55G-DK1, STM32WBA55HEF6, STM32WBA55HEF7, STM32WBA55HGF6, STM32WBA55HGF7, STM32WBA55UEI6, STM32WBA55UEI6TR, STM32WBA55UEI7, STM32WBA55UEI7TR, STM32WBA55UGI6, STM32WBA55UGI6TR, STM32WBA55UGI7, STM32WBA55UGI7TR, STM32WL5MOCH6, STM32WL5MOCH6TR]
2024-05-10 17:51:08,533 [INFO] BoardInfo:889 - No configuration file found for board P-NUCLEO-WB55
2024-05-10 17:51:08,534 [INFO] DbBoards:161 - Kit is not supported: P-NUCLEO-WB55
2024-05-10 17:51:08,539 [INFO] BoardInfo:889 - No configuration file found for board STEVAL-BFA001V1B
2024-05-10 17:51:08,540 [INFO] DbBoards:161 - Kit is not supported: STEVAL-BFA001V1B
2024-05-10 17:51:08,541 [INFO] BoardInfo:889 - No configuration file found for board STEVAL-BFA001V2B
2024-05-10 17:51:08,541 [INFO] DbBoards:161 - Kit is not supported: STEVAL-BFA001V2B
2024-05-10 17:51:08,667 [INFO] DbBoards:168 - Found 199 boards, 196 are supported
2024-05-10 17:51:08,667 [INFO] DbBoards:169 - Found 199 boards, 8 of them is supported for  Bsp
2024-05-10 17:51:08,671 [INFO] ApiDb:668 - CubeFinder database Data Model version=2.1
2024-05-10 17:51:08,671 [INFO] ApiDb:669 - CubeFinder database Configuration version=3.0.39
2024-05-10 17:51:08,672 [INFO] ApiDb:670 - CubeFinder database generation date=2024-04-15 (1713193726)
2024-05-10 17:51:08,672 [INFO] ApiDb:671 - CubeFinder database FW Pack versions=[FP-ATR-ASTRA1_V2.0.0, FP-SNS-FLIGHT1_V5.0.1, FP-SNS-FLIGHT1_V5.0.2, FP-SNS-MOTENV1_V4.3.1, FP-SNS-MOTENV1_V4.3.2, FP-SNS-MOTENVWB1_V1.3.1, FP-SNS-SMARTAG2_V1.2.0, STM32Cube_FW_C0_V1.1.0, STM32Cube_FW_F4_V1.28.0, STM32Cube_FW_F7_V1.17.0, STM32Cube_FW_G0_V1.6.2, STM32Cube_FW_G4_V1.5.2, STM32Cube_FW_H5_V0.5.1, STM32Cube_FW_H5_V1.1.1, STM32Cube_FW_H5_V1.2.0, STM32Cube_FW_H5_V1.2.0RC4, STM32Cube_FW_H7RS_V1.0.0, STM32Cube_FW_H7RS_V1.0.0RC4, STM32Cube_FW_H7_V1.11.0, STM32Cube_FW_L0_V1.12.2, STM32Cube_FW_L5_V1.5.1, STM32Cube_FW_U0_V1.0.0, STM32Cube_FW_U0_V1.0.0RC1, STM32Cube_FW_U5_V1.3.0RC4, STM32Cube_FW_U5_V1.5.0, STM32Cube_FW_U5_V1.5.0RC1, STM32Cube_FW_WBA_V1.0.0RC1, STM32Cube_FW_WBA_V1.2.0, STM32Cube_FW_WBA_V1.2.0RC2, STM32Cube_FW_WBA_V1.3.0, STM32Cube_FW_WBA_V1.3.0RC1, STM32Cube_FW_WB_V1.15.0RC1, STM32Cube_FW_WB_V1.16.0, STM32Cube_FW_WB_V1.16.0RC2, STM32Cube_FW_WB_V1.18.0, STM32Cube_FW_WB_V1.19.0, STM32Cube_FW_WL_V1.3.0, X-CUBE-ALGOBUILD_V1.3.0, X-CUBE-ALS_V1.0.1, X-CUBE-AZRTOS-F4_V1.1.0, X-CUBE-AZRTOS-F7_V1.1.0, X-CUBE-AZRTOS-G0_V1.1.0, X-CUBE-AZRTOS-G4_V2.0.0, X-CUBE-AZRTOS-H7_V3.2.0, X-CUBE-AZRTOS-L4_V1.0.0, X-CUBE-AZRTOS-L4_V2.0.0, X-CUBE-AZRTOS-L5_V1.1.0, X-CUBE-AZRTOS-WB_V2.0.0, X-CUBE-AZRTOS-WL_V2.0.0, X-CUBE-BLE1_V7.0.0, X-CUBE-BLE2_V3.3.0, X-CUBE-BLEMGR_V3.1.0, X-CUBE-EEPRMA1_V4.1.0, X-CUBE-EEPRMA1_V5.1.0, X-CUBE-FREERTOS_V1.1.0, X-CUBE-GNSS1_V6.0.0, X-CUBE-MEMS1_V10.0.0, X-CUBE-MEMS1_V9.1.0, X-CUBE-MEMS1_V9.4.0, X-CUBE-MEMS1_V9.6.0, X-CUBE-NFC4_V3.0.0, X-CUBE-NFC7_V1.0.1, X-CUBE-SFXS2LP1_V4.0.0, X-CUBE-SUBG2_V5.0.0, X-CUBE-TOF1_V3.4.0]
2024-05-10 17:51:11,844 [INFO] ApiDb:240 - Found 483 in-development CPN: [B-G473E-ZEST1S, B-WB1M-WPAN1, B-WL5M-SUBG1, NUCLEO-C031C6, NUCLEO-H503RB, NUCLEO-H533RE, NUCLEO-H563ZI, NUCLEO-H7S3L8, NUCLEO-U031R8, NUCLEO-U083RC, NUCLEO-U545RE-Q, NUCLEO-U5A5ZJ-Q, NUCLEO-WBA52CG, NUCLEO-WBA55CG, STEVAL-PROTEUS1, STEVAL-SMARTAG2, STEVAL-STWINBX1, STM320518-EVAL, STM32C0116-DK, STM32C011D6Y3TR, STM32C011D6Y6TR, STM32C011F4P3, STM32C011F4P6, STM32C011F4U3, STM32C011F4U6TR, STM32C011F6P3, STM32C011F6P6, STM32C011F6U3, STM32C011F6U6TR, STM32C011J4M3, STM32C011J4M6, STM32C011J6M3, STM32C011J6M6, STM32C0316-DK, STM32C031C4T3, STM32C031C4T6, STM32C031C4U3, STM32C031C4U6, STM32C031C6T3, STM32C031C6T6, STM32C031C6U3, STM32C031C6U6, STM32C031F4P3, STM32C031F4P6, STM32C031F6P3, STM32C031F6P6, STM32C031G4U3, STM32C031G4U6, STM32C031G6U3, STM32C031G6U6, STM32C031K4T3, STM32C031K4T6, STM32C031K4U3, STM32C031K4U6, STM32C031K6T3, STM32C031K6T6, STM32C031K6U3, STM32C031K6U6, STM32G071K8TXN, STM32G071K8UXN, STM32G081GBU6N, STM32G081KBT6N, STM32G081KBUXN, STM32G0B1CCT6N, STM32G0B1KCT6, STM32G0B1NEY6TR, STM32G0B1RCT6N, STM32G0C1CCT6, STM32G0C1CCT6N, STM32G0C1CCU6N, STM32G0C1CET6N, STM32G0C1CEU6N, STM32G0C1KCT6, STM32G0C1NEY6TR, STM32G0C1RCI6N, STM32G0C1RCT6N, STM32G0C1REI6N, STM32G0C1RET6N, STM32G0C1VCI6, STM32G0C1VEI6, STM32G471CCT6, STM32G471CCU6, STM32G471CET3, STM32G471CET6, STM32G471CEU3, STM32G471CEU6, STM32G471MCT6, STM32G471MET3, STM32G471MET6, STM32G471MEY6TR, STM32G471QCT6, STM32G471QET3, STM32G471RCT6, STM32G471RET3, STM32G471RET6, STM32G471VCH6, STM32G471VCI6, STM32G471VCT6, STM32G471VEH3, STM32G471VEH6, STM32G471VEI3, STM32G471VEI6, STM32G471VET3, STM32G471VET6, STM32G474CCT6, STM32H503CBT6, STM32H503CBU6, STM32H503EBY6TR, STM32H503KBU6, STM32H503RBT6, STM32H523CCT6, STM32H523CCU6, STM32H523CET6, STM32H523CEU6, STM32H523HEY6TR, STM32H523RCT6, STM32H523RET6, STM32H523VCI6, STM32H523VCT6, STM32H523VEI6, STM32H523VET6, STM32H523ZCJ6, STM32H523ZCT6, STM32H523ZEJ6, STM32H523ZET6, STM32H533CET6, STM32H533CEU6, STM32H533HEY6TR, STM32H533RET6, STM32H533VEI6, STM32H533VET6, STM32H533ZEJ6, STM32H533ZET6, STM32H562AGI6, STM32H562AII6, STM32H562IGK6, STM32H562IGT6, STM32H562IIK6, STM32H562IIT6, STM32H562RGT6, STM32H562RGV6, STM32H562RIT6, STM32H562RIV6, STM32H562VGT6, STM32H562VIT6, STM32H562ZGT6, STM32H562ZIT6, STM32H563AGI6, STM32H563AII3Q, STM32H563AII6, STM32H563IGK6, STM32H563IGT6, STM32H563IIK3Q, STM32H563IIK6, STM32H563IIT3Q, STM32H563IIT6, STM32H563MIY3QTR, STM32H563RGT6, STM32H563RGV6, STM32H563RIT6, STM32H563RIV6, STM32H563VGT6, STM32H563VIT3Q, STM32H563VIT6, STM32H563ZGT6, STM32H563ZIT3Q, STM32H563ZIT6, STM32H573AII3Q, STM32H573AII6, STM32H573I-DK, STM32H573IIK3Q, STM32H573IIK6, STM32H573IIT3Q, STM32H573IIT6, STM32H573MIY3QTR, STM32H573RIT6, STM32H573RIV6, STM32H573VIT3Q, STM32H573VIT6, STM32H573ZIT3Q, STM32H573ZIT6, STM32H7R3A8I6, STM32H7R3I8K6, STM32H7R3I8T6, STM32H7R3L8H6, STM32H7R3L8H6H, STM32H7R3R8V6, STM32H7R3V8H6, STM32H7R3V8T6, STM32H7R3V8Y6, STM32H7R3Z8J6, STM32H7R3Z8T6, STM32H7R7A8I6, STM32H7R7I8K6, STM32H7R7I8T6, STM32H7R7L8H6, STM32H7R7L8H6H, STM32H7R7Z8J6, STM32H7S3A8I6, STM32H7S3I8K6, STM32H7S3I8T6, STM32H7S3L8H6, STM32H7S3L8H6H, STM32H7S3R8V6, STM32H7S3V8H6, STM32H7S3V8T6, STM32H7S3V8Y6, STM32H7S3Z8J6, STM32H7S3Z8T6, STM32H7S78-DK, STM32H7S7A8I6, STM32H7S7I8K6, STM32H7S7I8T6, STM32H7S7L8H6, STM32H7S7L8H6H, STM32H7S7Z8J6, STM32L4R5QGI6STR, STM32MP131AAE3, STM32MP131AAF3, STM32MP131AAG3, STM32MP131CAE3, STM32MP131CAF3, STM32MP131CAG3, STM32MP131DAE7, STM32MP131DAF7, STM32MP131DAG7, STM32MP131FAE7, STM32MP131FAF7, STM32MP131FAG7, STM32MP133AAE3, STM32MP133AAF3, STM32MP133AAG3, STM32MP133CAE3, STM32MP133CAF3, STM32MP133CAG3, STM32MP133DAE7, STM32MP133DAF7, STM32MP133DAG7, STM32MP133FAE7, STM32MP133FAF7, STM32MP133FAG7, STM32MP135AAE3, STM32MP135AAF3, STM32MP135AAG3, STM32MP135CAE3, STM32MP135CAF3, STM32MP135CAG3, STM32MP135DAE7, STM32MP135DAF7, STM32MP135DAG7, STM32MP135F-DK, STM32MP135FAE7, STM32MP135FAF7, STM32MP135FAF7T, STM32MP135FAF7U, STM32MP135FAG7, STM32U031C6T6, STM32U031C6U6, STM32U031C8T6, STM32U031C8U6, STM32U031F4P6, STM32U031F6P6, STM32U031F8P6, STM32U031G6Y6TR, STM32U031G8Y6TR, STM32U031K4U6, STM32U031K6U6, STM32U031K8U6, STM32U031R6I6, STM32U031R6T6, STM32U031R8I6, STM32U031R8T6, STM32U073C8T6, STM32U073C8U6, STM32U073CBT6, STM32U073CBU6, STM32U073CCT6, STM32U073CCU6, STM32U073H8Y6TR, STM32U073HBY6TR, STM32U073HCY6TR, STM32U073K8U6, STM32U073KBU6, STM32U073KCU6, STM32U073M8I6, STM32U073M8T6, STM32U073MBI6, STM32U073MBT6, STM32U073MCI6, STM32U073MCT6, STM32U073R8I6, STM32U073R8T6, STM32U073RBI6, STM32U073RBT6, STM32U073RCI6, STM32U073RCT6, STM32U083C-DK, STM32U083CCT6, STM32U083CCU6, STM32U083HCY6TR, STM32U083KCU6, STM32U083MCI6, STM32U083MCT6, STM32U083RCI6, STM32U083RCT6, STM32U535CBT6, STM32U535CBT6Q, STM32U535CBU6, STM32U535CBU6Q, STM32U535CCT6, STM32U535CCT6Q, STM32U535CCU6, STM32U535CCU6Q, STM32U535CET6, STM32U535CET6Q, STM32U535CEU6, STM32U535CEU6Q, STM32U535JEY6QTR, STM32U535NCY6QTR, STM32U535NEY6QTR, STM32U535RBI6, STM32U535RBI6Q, STM32U535RBT6, STM32U535RBT6Q, STM32U535RCI6, STM32U535RCI6Q, STM32U535RCT6, STM32U535RCT6Q, STM32U535REI6, STM32U535REI6Q, STM32U535RET6, STM32U535RET6Q, STM32U535VCI6, STM32U535VCI6Q, STM32U535VCT6, STM32U535VCT6Q, STM32U535VEI6, STM32U535VEI6Q, STM32U535VET6, STM32U535VET6Q, STM32U545CET6, STM32U545CET6Q, STM32U545CEU6, STM32U545CEU6Q, STM32U545JEY6QTR, STM32U545NEY6QTR, STM32U545REI6, STM32U545REI6Q, STM32U545RET6, STM32U545RET6Q, STM32U545VEI6, STM32U545VEI6Q, STM32U545VET6, STM32U545VET6Q, STM32U595AIH6, STM32U595AIH6Q, STM32U595AJH6, STM32U595AJH6Q, STM32U595QII6, STM32U595QII6Q, STM32U595QJI6, STM32U595QJI6Q, STM32U595RIT6, STM32U595RIT6Q, STM32U595RJT6, STM32U595RJT6Q, STM32U595VIT6, STM32U595VIT6Q, STM32U595VJT6, STM32U595VJT6Q, STM32U595ZIT6, STM32U595ZIT6Q, STM32U595ZIY6QTR, STM32U595ZJT6, STM32U595ZJT6Q, STM32U595ZJY6QTR, STM32U599BJY6QTR, STM32U599NIH6Q, STM32U599NJH6Q, STM32U599VIT6Q, STM32U599VJT6, STM32U599VJT6Q, STM32U599ZIT6Q, STM32U599ZIY6QTR, STM32U599ZJT6Q, STM32U599ZJY6QTR, STM32U5A5AJH6, STM32U5A5AJH6Q, STM32U5A5QII3Q , STM32U5A5QJI6, STM32U5A5QJI6Q, STM32U5A5RJT6, STM32U5A5RJT6Q, STM32U5A5VJT6, STM32U5A5VJT6Q, STM32U5A5ZJT6, STM32U5A5ZJT6Q, STM32U5A5ZJY6QTR, STM32U5A9BJY6QTR, STM32U5A9J-DK, STM32U5A9NJH6Q, STM32U5A9VJT6Q, STM32U5A9ZJT6Q, STM32U5A9ZJY6QTR, STM32U5F7VIT6, STM32U5F7VIT6Q, STM32U5F7VJT6, STM32U5F7VJT6Q, STM32U5F9BJY6QTR, STM32U5F9NJH6Q, STM32U5F9VIT6Q, STM32U5F9VJT6Q, STM32U5F9ZIJ6QTR, STM32U5F9ZIT6Q, STM32U5F9ZJJ6QTR, STM32U5F9ZJT6Q, STM32U5G7VJT6, STM32U5G7VJT6Q, STM32U5G9BJY6QTR, STM32U5G9J-DK1, STM32U5G9J-DK2, STM32U5G9NJH6Q, STM32U5G9VJT6Q, STM32U5G9ZJJ6QTR, STM32U5G9ZJT6Q, STM32WB1MMCH6, STM32WBA50KEU6, STM32WBA50KEU6TR, STM32WBA50KGU6, STM32WBA50KGU6TR, STM32WBA52CEU6, STM32WBA52CEU6TR, STM32WBA52CEU7, STM32WBA52CEU7TR, STM32WBA52CGU6, STM32WBA52CGU6TR, STM32WBA52CGU6U, STM32WBA52CGU7, STM32WBA52CGU7TR, STM32WBA52KEU6, STM32WBA52KEU6TR, STM32WBA52KGU6, STM32WBA52KGU6TR, STM32WBA54CEU6, STM32WBA54CEU6TR, STM32WBA54CEU7, STM32WBA54CEU7TR, STM32WBA54CGU6, STM32WBA54CGU6TR, STM32WBA54CGU7, STM32WBA54CGU7TR, STM32WBA54KEU6, STM32WBA54KEU6TR, STM32WBA54KEU7, STM32WBA54KEU7TR, STM32WBA54KGU6, STM32WBA54KGU6TR, STM32WBA54KGU7, STM32WBA54KGU7TR, STM32WBA55CEU6, STM32WBA55CEU6TR, STM32WBA55CEU7, STM32WBA55CEU7TR, STM32WBA55CGU6, STM32WBA55CGU6TR, STM32WBA55CGU6U, STM32WBA55CGU7, STM32WBA55CGU7TR, STM32WBA55G-DK1, STM32WBA55HEF6, STM32WBA55HEF7, STM32WBA55HGF6, STM32WBA55HGF7, STM32WBA55UEI6, STM32WBA55UEI6TR, STM32WBA55UEI7, STM32WBA55UEI7TR, STM32WBA55UGI6, STM32WBA55UGI6TR, STM32WBA55UGI7, STM32WBA55UGI7TR, STM32WL5MOCH6, STM32WL5MOCH6TR]
2024-05-10 17:51:11,849 [INFO] DbMcus:218 - Found 4096 MCUs, 4096 are supported
2024-05-10 17:51:11,869 [INFO] ApiDb:423 - Load user favorites file /home/priyanka/.stm32cubeide/favorites.mcus.txt: 0 item(s)
2024-05-10 17:51:11,869 [INFO] ApiDb:427 - User favorites MCUs=[]
2024-05-10 17:51:11,870 [INFO] DbMcus:224 - Set 0 / 0 favorites MCUs
2024-05-10 17:51:12,616 [INFO] ApiDb:423 - Load user favorites file /home/priyanka/.stm32cubeide/favorites.boards.txt: 0 item(s)
2024-05-10 17:51:12,616 [INFO] ApiDb:427 - User favorites Boards=[]
2024-05-10 17:51:12,616 [INFO] DbBoards:198 - Set 0 / 0 favorites Boards
2024-05-10 17:51:12,684 [INFO] UtilMem:75 - End LoadConfig() Used Memory: 189359408 Bytes (454033408)
2024-05-10 17:51:12,948 [WARN] ThirdParty:833 - waiting for thirdparty lock release [change project]
2024-05-10 17:51:12,948 [INFO] ThirdParty:835 - entering critical section [change project]
2024-05-10 17:51:12,949 [INFO] ThirdParty:1030 - CMSIS Pack Vendor :STMicroelectronics X-CUBE-ISPU 1.1.0
2024-05-10 17:51:12,949 [INFO] ThirdParty:1030 - CMSIS Pack Vendor :STMicroelectronics USBPD 4.1
2024-05-10 17:51:12,949 [INFO] ThirdParty:1030 - CMSIS Pack Vendor :STMicroelectronics X-CUBE-GNSS1 6.0.0
2024-05-10 17:51:12,949 [INFO] ThirdParty:1030 - CMSIS Pack Vendor :STMicroelectronics USB_HOST 2.0.0
2024-05-10 17:51:12,949 [INFO] ThirdParty:1030 - CMSIS Pack Vendor :STMicroelectronics FP-SNS-MOTENVWB1 1.4.0
2024-05-10 17:51:12,949 [INFO] ThirdParty:1030 - CMSIS Pack Vendor :STMicroelectronics X-CUBE-AZRTOS-F4 1.1.0
2024-05-10 17:51:12,949 [INFO] ThirdParty:1030 - CMSIS Pack Vendor :STMicroelectronics LIBJPEG 8.0.0
2024-05-10 17:51:12,950 [INFO] ThirdParty:1030 - CMSIS Pack Vendor :wolfSSL I-CUBE-wolfSSL 5.6.3
2024-05-10 17:51:12,950 [INFO] ThirdParty:1030 - CMSIS Pack Vendor :STMicroelectronics X-CUBE-SMBUS 2.1.0
2024-05-10 17:51:12,950 [INFO] ThirdParty:1030 - CMSIS Pack Vendor :STMicroelectronics USB_DEVICE 3.0.0
2024-05-10 17:51:12,950 [INFO] ThirdParty:1030 - CMSIS Pack Vendor :STMicroelectronics X-CUBE-TCPP 4.1.0
2024-05-10 17:51:12,950 [INFO] ThirdParty:1030 - CMSIS Pack Vendor :STMicroelectronics X-CUBE-FREERTOS 1.2.0
2024-05-10 17:51:12,950 [INFO] ThirdParty:1030 - CMSIS Pack Vendor :STMicroelectronics X-CUBE-AZRTOS-WB 2.0.0
2024-05-10 17:51:12,950 [INFO] ThirdParty:1030 - CMSIS Pack Vendor :STMicroelectronics X-CUBE-TOUCHGFX 4.23.2
2024-05-10 17:51:12,950 [INFO] ThirdParty:1030 - CMSIS Pack Vendor :STMicroelectronics X-CUBE-AZRTOS-F7 1.1.0
2024-05-10 17:51:12,950 [INFO] ThirdParty:1030 - CMSIS Pack Vendor :STMicroelectronics X-CUBE-AZRTOS-L5 2.0.0
2024-05-10 17:51:12,950 [INFO] ThirdParty:1030 - CMSIS Pack Vendor :STMicroelectronics USB_DEVICE 2.0.0
2024-05-10 17:51:12,950 [INFO] ThirdParty:1030 - CMSIS Pack Vendor :STMicroelectronics X-CUBE-MEMS1 9.6.0
2024-05-10 17:51:12,951 [INFO] ThirdParty:1030 - CMSIS Pack Vendor :STMicroelectronics X-CUBE-NFC6 3.1.0
2024-05-10 17:51:12,951 [INFO] ThirdParty:1030 - CMSIS Pack Vendor :STMicroelectronics FP-SNS-MOTENV1 4.3.2
2024-05-10 17:51:12,951 [INFO] ThirdParty:1030 - CMSIS Pack Vendor :STMicroelectronics X-CUBE-ALGOBUILD 1.3.0
2024-05-10 17:51:12,951 [INFO] ThirdParty:1030 - CMSIS Pack Vendor :STMicroelectronics FreeRTOS 0.0.1
2024-05-10 17:51:12,951 [INFO] ThirdParty:1030 - CMSIS Pack Vendor :STMicroelectronics X-CUBE-AZRTOS-G0 1.1.0
2024-05-10 17:51:12,951 [INFO] ThirdParty:1030 - CMSIS Pack Vendor :STMicroelectronics X-CUBE-BLEMGR 2.0.0
2024-05-10 17:51:12,951 [INFO] ThirdParty:1030 - CMSIS Pack Vendor :STMicroelectronics X-CUBE-SAFEA1 1.2.2
2024-05-10 17:51:12,951 [INFO] ThirdParty:1030 - CMSIS Pack Vendor :STMicroelectronics X-CUBE-NFC4 3.0.0
2024-05-10 17:51:12,951 [INFO] ThirdParty:1030 - CMSIS Pack Vendor :STMicroelectronics X-CUBE-SUBG2 5.0.0
2024-05-10 17:51:12,951 [INFO] ThirdParty:1030 - CMSIS Pack Vendor :STMicroelectronics STM32_WPAN 1.0.0
2024-05-10 17:51:12,951 [INFO] ThirdParty:1030 - CMSIS Pack Vendor :STMicroelectronics lwIP 2.0.3
2024-05-10 17:51:12,952 [INFO] ThirdParty:1030 - CMSIS Pack Vendor :STMicroelectronics FP-SNS-FLIGHT1 5.0.2
2024-05-10 17:51:12,952 [INFO] ThirdParty:1030 - CMSIS Pack Vendor :STMicroelectronics USB_HOST 1.0.0
2024-05-10 17:51:12,952 [INFO] ThirdParty:1030 - CMSIS Pack Vendor :STMicroelectronics X-CUBE-TOF1 3.3.1
2024-05-10 17:51:12,952 [INFO] ThirdParty:1030 - CMSIS Pack Vendor :STMicroelectronics X-CUBE-AI 9.0.0
2024-05-10 17:51:12,952 [INFO] ThirdParty:1030 - CMSIS Pack Vendor :STMicroelectronics X-CUBE-AZRTOS-G4 2.0.0
2024-05-10 17:51:12,952 [INFO] ThirdParty:1030 - CMSIS Pack Vendor :STMicroelectronics PDM2PCM 3.1.0
2024-05-10 17:51:12,952 [INFO] ThirdParty:1030 - CMSIS Pack Vendor :STMicroelectronics X-CUBE-AZRTOS-H7 3.1.0
2024-05-10 17:51:12,952 [INFO] ThirdParty:1030 - CMSIS Pack Vendor :STMicroelectronics PDM2PCM 3.3.0
2024-05-10 17:51:12,952 [INFO] ThirdParty:1030 - CMSIS Pack Vendor :STMicroelectronics X-CUBE-DISPLAY 3.0.0
2024-05-10 17:51:12,952 [INFO] ThirdParty:1030 - CMSIS Pack Vendor :STMicroelectronics X-CUBE-BLE1 7.0.0
2024-05-10 17:51:12,952 [INFO] ThirdParty:1030 - CMSIS Pack Vendor :STMicroelectronics FP-ATR-SIGFOX1 3.2.0
2024-05-10 17:51:12,952 [INFO] ThirdParty:1030 - CMSIS Pack Vendor :STMicroelectronics X-CUBE-ISPU 2.0.0
2024-05-10 17:51:12,953 [INFO] ThirdParty:1030 - CMSIS Pack Vendor :STMicroelectronics X-CUBE-EEPRMA1 5.1.0
2024-05-10 17:51:12,953 [INFO] ThirdParty:1030 - CMSIS Pack Vendor :STMicroelectronics HAL Drivers 0.0.0
2024-05-10 17:51:12,953 [INFO] ThirdParty:1030 - CMSIS Pack Vendor :STMicroelectronics MBEDTLS 2.16.2
2024-05-10 17:51:12,953 [INFO] ThirdParty:1030 - CMSIS Pack Vendor :emotas I-CUBE-CANOPEN 1.3.0
2024-05-10 17:51:12,953 [INFO] ThirdParty:1030 - CMSIS Pack Vendor :STMicroelectronics X-CUBE-MEMS1 10.0.0
2024-05-10 17:51:12,953 [INFO] ThirdParty:1030 - CMSIS Pack Vendor :STMicroelectronics X-CUBE-FREERTOS 1.1.0
2024-05-10 17:51:12,953 [INFO] ThirdParty:1030 - CMSIS Pack Vendor :STMicroelectronics X-CUBE-TOUCHGFX 4.22.0
2024-05-10 17:51:12,953 [INFO] ThirdParty:1030 - CMSIS Pack Vendor :STMicroelectronics X-CUBE-NFC7 1.0.1
2024-05-10 17:51:12,953 [INFO] ThirdParty:1030 - CMSIS Pack Vendor :STMicroelectronics MBEDTLS 2.14.1
2024-05-10 17:51:12,953 [INFO] ThirdParty:1030 - CMSIS Pack Vendor :ITTIA_DB I-CUBE-ITTIADB 8.9.0
2024-05-10 17:51:12,953 [INFO] ThirdParty:1030 - CMSIS Pack Vendor :STMicroelectronics X-CUBE-NFC6 3.0.0
2024-05-10 17:51:12,954 [INFO] ThirdParty:1030 - CMSIS Pack Vendor :STMicroelectronics X-CUBE-EEPRMA1 4.1.0
2024-05-10 17:51:12,954 [INFO] ThirdParty:1030 - CMSIS Pack Vendor :portGmbH I-Cube-SoM-uGOAL 1.1.0
2024-05-10 17:51:12,954 [INFO] ThirdParty:1030 - CMSIS Pack Vendor :STMicroelectronics X-CUBE-ALS 1.0.1
2024-05-10 17:51:12,954 [INFO] ThirdParty:1030 - CMSIS Pack Vendor :STMicroelectronics X-CUBE-BLEMGR 3.1.0
2024-05-10 17:51:12,954 [INFO] ThirdParty:1030 - CMSIS Pack Vendor :STMicroelectronics ThreadX 1.0.0
2024-05-10 17:51:12,954 [INFO] ThirdParty:1030 - CMSIS Pack Vendor :STMicroelectronics FP-SNS-SMARTAG2 1.2.0
2024-05-10 17:51:12,954 [INFO] ThirdParty:1030 - CMSIS Pack Vendor :STMicroelectronics X-CUBE-AZRTOS-WL 2.0.0
2024-05-10 17:51:12,955 [INFO] ThirdParty:1030 - CMSIS Pack Vendor :SEGGER I-CUBE-embOS 1.3.1
2024-05-10 17:51:12,955 [INFO] ThirdParty:1030 - CMSIS Pack Vendor :STMicroelectronics FP-SNS-MOTENV1 5.0.0
2024-05-10 17:51:12,955 [INFO] ThirdParty:1030 - CMSIS Pack Vendor :STMicroelectronics USB_DEVICE 1.0.0
2024-05-10 17:51:12,955 [INFO] ThirdParty:1030 - CMSIS Pack Vendor :STMicroelectronics X-CUBE-AI 8.1.0
2024-05-10 17:51:12,955 [INFO] ThirdParty:1030 - CMSIS Pack Vendor :STMicroelectronics X-CUBE-AZRTOS-H7RS 1.0.0
2024-05-10 17:51:12,955 [INFO] ThirdParty:1030 - CMSIS Pack Vendor :STMicroelectronics X-CUBE-AZRTOS-L4 2.0.0
2024-05-10 17:51:12,955 [INFO] ThirdParty:1030 - CMSIS Pack Vendor :STMicroelectronics ThreadX 0.0.2
2024-05-10 17:51:12,955 [INFO] ThirdParty:1030 - CMSIS Pack Vendor :WES I-CUBE-Cesium 1.3.0
2024-05-10 17:51:12,956 [INFO] ThirdParty:1030 - CMSIS Pack Vendor :STMicroelectronics FP-ATR-ASTRA1 2.0.0
2024-05-10 17:51:12,956 [INFO] ThirdParty:1030 - CMSIS Pack Vendor :STMicroelectronics lwIP 2.1.2
2024-05-10 17:51:12,956 [INFO] ThirdParty:1030 - CMSIS Pack Vendor :STMicroelectronics X-CUBE-SFXS2LP1 4.0.0
2024-05-10 17:51:12,956 [INFO] ThirdParty:1030 - CMSIS Pack Vendor :STMicroelectronics X-CUBE-BLE2 3.3.0
2024-05-10 17:51:12,956 [INFO] ThirdParty:1030 - CMSIS Pack Vendor :STMicroelectronics X-CUBE-TOF1 3.4.1
2024-05-10 17:51:12,956 [INFO] ThirdParty:1030 - CMSIS Pack Vendor :STMicroelectronics X-CUBE-AZRTOS-H7 3.2.0
2024-05-10 17:51:12,956 [INFO] ThirdParty:1030 - CMSIS Pack Vendor :Infineon AIROC-Wi-Fi-Bluetooth-STM32 1.6.0
2024-05-10 17:51:12,957 [INFO] ThirdParty:1030 - CMSIS Pack Vendor :STMicroelectronics PDM2PCM 3.2.0
2024-05-10 17:51:12,957 [INFO] ThirdParty:841 - exiting critical section [change project]
2024-05-10 17:51:13,717 [INFO] PinOutPanel:1561 - setPackage(No Configuration,No Configuration)
2024-05-10 17:51:13,719 [INFO] PinOutPanel:1561 - setPackage(STM32F103C8Tx,LQFP48)
2024-05-10 17:51:14,903 [INFO] UtilMem:75 - Before build in PCC Used Memory: 348054952 Bytes (454033408)
2024-05-10 17:51:16,191 [INFO] UtilMem:75 - After build in PCC Used Memory: 246032384 Bytes (454033408)
2024-05-10 17:51:16,361 [INFO] ApiDbMcu:508 - Load IP Config File for FREERTOS
2024-05-10 17:51:16,441 [INFO] IPUIPlugin:80 - create IPUIPlugin
2024-05-10 17:51:16,441 [INFO] IPUIPlugin:80 - create IPUIPlugin
2024-05-10 17:51:16,442 [INFO] IPUIPlugin:80 - create IPUIPlugin
2024-05-10 17:51:16,442 [INFO] IPUIPlugin:80 - create IPUIPlugin
2024-05-10 17:51:16,442 [INFO] IPUIPlugin:80 - create IPUIPlugin
2024-05-10 17:51:16,443 [INFO] IPUIPlugin:80 - create IPUIPlugin
2024-05-10 17:51:16,443 [INFO] IPUIPlugin:80 - create IPUIPlugin
2024-05-10 17:51:16,444 [INFO] IPUIPlugin:80 - create IPUIPlugin
2024-05-10 17:51:16,444 [INFO] IPUIPlugin:80 - create IPUIPlugin
2024-05-10 17:51:16,445 [INFO] IPUIPlugin:80 - create IPUIPlugin
2024-05-10 17:51:16,445 [INFO] IPUIPlugin:80 - create IPUIPlugin
2024-05-10 17:51:16,446 [INFO] IPUIPlugin:80 - create IPUIPlugin
2024-05-10 17:51:16,447 [INFO] IPUIPlugin:80 - create IPUIPlugin
2024-05-10 17:51:16,447 [INFO] IPUIPlugin:80 - create IPUIPlugin
2024-05-10 17:51:16,447 [INFO] IPUIPlugin:80 - create IPUIPlugin
2024-05-10 17:51:16,448 [INFO] IPUIPlugin:80 - create IPUIPlugin
2024-05-10 17:51:16,448 [INFO] IPUIPlugin:80 - create IPUIPlugin
2024-05-10 17:51:16,449 [INFO] IPUIPlugin:80 - create IPUIPlugin
2024-05-10 17:51:16,449 [INFO] IPUIPlugin:80 - create IPUIPlugin
2024-05-10 17:51:16,450 [INFO] IPUIPlugin:80 - create IPUIPlugin
2024-05-10 17:51:16,450 [INFO] IPUIPlugin:80 - create IPUIPlugin
2024-05-10 17:51:16,451 [INFO] IPUIPlugin:80 - create IPUIPlugin
2024-05-10 17:51:16,451 [INFO] IPUIPlugin:80 - create IPUIPlugin
2024-05-10 17:51:16,452 [INFO] IPUIPlugin:80 - create IPUIPlugin
2024-05-10 17:51:16,452 [INFO] IPUIPlugin:80 - create IPUIPlugin
2024-05-10 17:51:16,453 [INFO] IPUIPlugin:80 - create IPUIPlugin
2024-05-10 17:51:16,455 [INFO] IPUIPlugin:80 - create IPUIPlugin
2024-05-10 17:51:16,479 [INFO] Can:71 - Can Add PropertyChangeListener com.st.microxplorer.plugins.ip.can.Can@13b4baba
2024-05-10 17:51:16,557 [WARN] FreeRTOS:1023 - Null or empty value: should not occur! (nothing added to the table)
2024-05-10 17:51:16,928 [INFO] CADModel:165 - CPN selected for project levelSTM32F103C8T6
2024-05-10 17:51:16,928 [INFO] CADModel:114 - Register for checkConnection events
2024-05-10 17:51:16,933 [INFO] RtosManager:697 - Active RTOS found at IOC load: FREERTOS [Cortex-M3NS]
2024-05-10 17:51:16,978 [INFO] OpenFileManager:343 - Restore cursor
2024-05-10 17:51:26,200 [INFO] NvicIntPanel:101 - NVIC parent = com.st.microxplorer.plugins.ip.nvic.MultiNvicIntPanel[,0,0,450x193,layout=javax.swing.BoxLayout,alignmentX=0.0,alignmentY=0.0,border=,flags=9,maximumSize=,minimumSize=,preferredSize=]
2024-05-10 18:03:17,250 [ERROR] LogOutputStream:75 - [STDERR_REDIRECT] 
