2024-05-11 07:52:54,747 [INFO] Activator:176 - 


2024-05-11 07:52:54,767 [INFO] Activator:177 - !SESSION log4j initialized
2024-05-11 07:53:04,095 [INFO] LogOutputStream:77 - [STDOUT_REDIRECT] 
2024-05-11 07:53:06,349 [INFO] ApplicationProperties:184 - Using Application install path: /home/priyanka/st/stm32cubeide_1.13.1/plugins/com.st.stm32cube.common.mx_6.11.1.202404110753
2024-05-11 07:53:06,375 [INFO] DbMcusXml:78 - Set database path to: /home/priyanka/st/stm32cubeide_1.13.1/plugins/com.st.stm32cube.common.mx_6.11.1.202404110753//db//mcu/
2024-05-11 07:53:06,376 [INFO] ApiDb:274 - Set plugin database path to: /home/priyanka/st/stm32cubeide_1.13.1/plugins/com.st.stm32cube.common.mx_6.11.1.202404110753//db//plugins/boardmanager/
2024-05-11 07:53:06,377 [WARN] ApiDb:259 - Overriding images path with different value:  => /home/priyanka/st/stm32cubeide_1.13.1/plugins/com.st.stm32cube.common.mx_6.11.1.202404110753//db//plugins/mcufinder/images/
2024-05-11 07:53:06,388 [INFO] ApiDb:250 - Set database path to: /home/priyanka/.stmcufinder/plugins/mcufinder//mcu/
2024-05-11 07:53:06,390 [INFO] DbMcusAds:125 - Set database path to: /home/priyanka/.stmcufinder/plugins/mcufinder//mcu/
2024-05-11 07:53:06,394 [INFO] CrossReferenceDbSqlite:203 - Set database path to: /home/priyanka/.stmcufinder/plugins/mcufinder//mcu/cs/
2024-05-11 07:53:06,594 [INFO] RulesReader:64 - Compatibility file has been processed (297 Rules)
2024-05-11 07:53:06,710 [INFO] DbMcusXml:78 - Set database path to: /home/priyanka/st/stm32cubeide_1.13.1/plugins/com.st.stm32cube.common.mx_6.11.1.202404110753//db//mcu/
2024-05-11 07:53:06,710 [INFO] ApiDb:274 - Set plugin database path to: /home/priyanka/st/stm32cubeide_1.13.1/plugins/com.st.stm32cube.common.mx_6.11.1.202404110753//db//plugins/boardmanager/
2024-05-11 07:53:06,710 [INFO] ApiDb:261 - Set plugin images path to: /home/priyanka/st/stm32cubeide_1.13.1/plugins/com.st.stm32cube.common.mx_6.11.1.202404110753//db//plugins/mcufinder/images/
2024-05-11 07:53:06,711 [WARN] DbFile:41 - Overriding database path with different value: /home/priyanka/.stmcufinder/plugins/mcufinder/ => /home/priyanka/.stmcufinder/plugins/mcufinder
2024-05-11 07:53:06,711 [INFO] ApiDb:250 - Set database path to: /home/priyanka/.stmcufinder/plugins/mcufinder//mcu/
2024-05-11 07:53:06,711 [WARN] DbFile:41 - Overriding database path with different value: /home/priyanka/.stmcufinder/plugins/mcufinder/ => /home/priyanka/.stmcufinder/plugins/mcufinder
2024-05-11 07:53:06,711 [INFO] DbMcusAds:125 - Set database path to: /home/priyanka/.stmcufinder/plugins/mcufinder//mcu/
2024-05-11 07:53:06,711 [WARN] DbFile:41 - Overriding database path with different value: /home/priyanka/.stmcufinder/plugins/mcufinder/ => /home/priyanka/.stmcufinder/plugins/mcufinder
2024-05-11 07:53:06,711 [WARN] DbFile:41 - Overriding database path with different value: /home/priyanka/.stmcufinder/plugins/mcufinder/ => /home/priyanka/.stmcufinder/plugins/mcufinder
2024-05-11 07:53:06,711 [INFO] CrossReferenceDbSqlite:203 - Set database path to: /home/priyanka/.stmcufinder/plugins/mcufinder//mcu/cs/
2024-05-11 07:53:06,914 [INFO] MainPanel:264 - HeapMemory: 268435456
2024-05-11 07:53:07,101 [INFO] DbMcusXml:78 - Set database path to: /home/priyanka/st/stm32cubeide_1.13.1/plugins/com.st.stm32cube.common.mx_6.11.1.202404110753//db//mcu/
2024-05-11 07:53:07,101 [INFO] ApiDb:274 - Set plugin database path to: /home/priyanka/st/stm32cubeide_1.13.1/plugins/com.st.stm32cube.common.mx_6.11.1.202404110753//db//plugins/boardmanager/
2024-05-11 07:53:07,102 [INFO] ApiDb:261 - Set plugin images path to: /home/priyanka/st/stm32cubeide_1.13.1/plugins/com.st.stm32cube.common.mx_6.11.1.202404110753//db//plugins/mcufinder/images/
2024-05-11 07:53:07,103 [WARN] DbFile:41 - Overriding database path with different value: /home/priyanka/.stmcufinder/plugins/mcufinder/ => /home/priyanka/.stmcufinder/plugins/mcufinder
2024-05-11 07:53:07,103 [INFO] ApiDb:250 - Set database path to: /home/priyanka/.stmcufinder/plugins/mcufinder//mcu/
2024-05-11 07:53:07,103 [WARN] DbFile:41 - Overriding database path with different value: /home/priyanka/.stmcufinder/plugins/mcufinder/ => /home/priyanka/.stmcufinder/plugins/mcufinder
2024-05-11 07:53:07,104 [INFO] DbMcusAds:125 - Set database path to: /home/priyanka/.stmcufinder/plugins/mcufinder//mcu/
2024-05-11 07:53:07,104 [WARN] DbFile:41 - Overriding database path with different value: /home/priyanka/.stmcufinder/plugins/mcufinder/ => /home/priyanka/.stmcufinder/plugins/mcufinder
2024-05-11 07:53:07,104 [WARN] DbFile:41 - Overriding database path with different value: /home/priyanka/.stmcufinder/plugins/mcufinder/ => /home/priyanka/.stmcufinder/plugins/mcufinder
2024-05-11 07:53:07,104 [INFO] CrossReferenceDbSqlite:203 - Set database path to: /home/priyanka/.stmcufinder/plugins/mcufinder//mcu/cs/
2024-05-11 07:53:07,131 [INFO] ApplicationProperties:184 - Using Application install path: /home/priyanka/st/stm32cubeide_1.13.1/plugins/com.st.stm32cube.common.mx_6.11.1.202404110753
2024-05-11 07:53:07,134 [INFO] PluginManage:196 - Search for loadable plugins [exclusion list=, ]
2024-05-11 07:53:07,137 [INFO] PluginManage:310 - Check plugin analytics
2024-05-11 07:53:07,453 [INFO] AnalyticsPlugin:253 - Accepted Software Licenses: 
2024-05-11 07:53:07,453 [INFO] AnalyticsPlugin:255 - Accepted CMSIS Pack Licenses: 
2024-05-11 07:53:07,454 [INFO] AnalyticsPlugin:257 - Accepted Firmware Licenses: 
2024-05-11 07:53:07,459 [INFO] PluginManage:359 - Loaded plugin analytics (category:tool,tabindex:-1)
2024-05-11 07:53:07,460 [INFO] PluginManage:310 - Check plugin cadmodel
2024-05-11 07:53:07,499 [INFO] CADModel:105 - Init CAD model plugin
2024-05-11 07:53:07,499 [INFO] PluginManage:359 - Loaded plugin cadmodel (category:power,tabindex:5)
2024-05-11 07:53:07,500 [INFO] PluginManage:310 - Check plugin clock
2024-05-11 07:53:07,514 [INFO] PluginManage:359 - Loaded plugin clock (category:base,tabindex:2)
2024-05-11 07:53:07,514 [INFO] PluginManage:310 - Check plugin ddr
2024-05-11 07:53:07,518 [INFO] PluginManage:359 - Loaded plugin ddr (category:tool,tabindex:6)
2024-05-11 07:53:07,518 [INFO] PluginManage:310 - Check plugin filemanager
2024-05-11 07:53:07,730 [INFO] PluginManage:359 - Loaded plugin filemanager (category:base,tabindex:10)
2024-05-11 07:53:07,731 [INFO] PluginManage:310 - Check plugin ipmanager
2024-05-11 07:53:07,740 [INFO] PluginManage:359 - Loaded plugin ipmanager (category:base,tabindex:5)
2024-05-11 07:53:07,740 [INFO] PluginManage:310 - Check plugin lpbam
2024-05-11 07:53:07,752 [INFO] PluginManage:359 - Loaded plugin lpbam (category:base,tabindex:0)
2024-05-11 07:53:07,753 [INFO] PluginManage:310 - Check plugin memorymap
2024-05-11 07:53:07,773 [INFO] PluginManage:359 - Loaded plugin memorymap (category:base,tabindex:4)
2024-05-11 07:53:07,774 [INFO] PluginManage:310 - Check plugin pinoutandconfiguration
2024-05-11 07:53:07,789 [INFO] PluginManage:359 - Loaded plugin pinoutandconfiguration (category:base,tabindex:1)
2024-05-11 07:53:07,790 [INFO] PluginManage:310 - Check plugin pinoutconfig
2024-05-11 07:53:07,953 [WARN] SupportedApi:132 - Cannot load RTOS API schema: s4s-elt-must-match.1: The content of 'definitions' must match (annotation?, (simpleType | complexType)?, (unique | key | keyref)*)). A problem was found starting at: attribute.
2024-05-11 07:53:08,140 [INFO] PluginManage:359 - Loaded plugin pinoutconfig (category:base,tabindex:0)
2024-05-11 07:53:08,140 [INFO] PluginManage:310 - Check plugin power
2024-05-11 07:53:08,155 [INFO] PluginManage:359 - Loaded plugin power (category:power,tabindex:4)
2024-05-11 07:53:08,155 [INFO] PluginManage:310 - Check plugin projectmanager
2024-05-11 07:53:08,178 [INFO] PluginManage:359 - Loaded plugin projectmanager (category:projectmanager,tabindex:3)
2024-05-11 07:53:08,178 [INFO] PluginManage:310 - Check plugin thirdparty
2024-05-11 07:53:08,363 [INFO] PluginManage:359 - Loaded plugin thirdparty (category:base,tabindex:-1)
2024-05-11 07:53:08,364 [INFO] PluginManage:310 - Check plugin tools
2024-05-11 07:53:08,363 [WARN] IntegrityCheckThread:84 - waiting for thirdparty lock release [integrity check]
2024-05-11 07:53:08,364 [INFO] IntegrityCheckThread:86 - entering critical section [integrity check]
2024-05-11 07:53:08,365 [INFO] ThirdPartyUpdaterWithRetryManager:70 - Updater plugin not ready yet. [1/15]
2024-05-11 07:53:08,368 [INFO] PluginManage:359 - Loaded plugin tools (category:base,tabindex:7)
2024-05-11 07:53:08,368 [INFO] PluginManage:310 - Check plugin tutovideos
2024-05-11 07:53:08,645 [INFO] PluginManage:359 - Loaded plugin tutovideos (category:base,tabindex:-1)
2024-05-11 07:53:08,645 [INFO] PluginManage:310 - Check plugin updater
2024-05-11 07:53:08,662 [INFO] PluginManage:359 - Loaded plugin updater (category:base,tabindex:12)
2024-05-11 07:53:08,662 [INFO] PluginManage:310 - Check plugin userauth
2024-05-11 07:53:08,670 [INFO] UserAuth:114 - Init User Auth plugin
2024-05-11 07:53:08,671 [INFO] PluginManage:359 - Loaded plugin userauth (category:base,tabindex:14)
2024-05-11 07:53:08,671 [INFO] PluginManage:283 - PluginManage : Loaded plugins [17]
2024-05-11 07:53:09,087 [INFO] PinOutPanel:1561 - setPackage(No Configuration,No Configuration)
2024-05-11 07:53:09,229 [INFO] CADModel:165 - CPN selected for project level
2024-05-11 07:53:09,235 [INFO] CADModel:114 - Register for checkConnection events
2024-05-11 07:53:09,275 [INFO] IPUIPlugin:80 - create IPUIPlugin
2024-05-11 07:53:09,281 [INFO] PluginManager:220 - loadIPPluginJar : add dma
2024-05-11 07:53:09,305 [INFO] IPUIPlugin:80 - create IPUIPlugin
2024-05-11 07:53:09,305 [INFO] PluginManager:220 - loadIPPluginJar : add tracer_emb
2024-05-11 07:53:09,316 [INFO] IPUIPlugin:80 - create IPUIPlugin
2024-05-11 07:53:09,317 [INFO] PluginManager:220 - loadIPPluginJar : add touchsensing
2024-05-11 07:53:09,324 [INFO] IPUIPlugin:80 - create IPUIPlugin
2024-05-11 07:53:09,325 [INFO] PluginManager:220 - loadIPPluginJar : add openamp
2024-05-11 07:53:09,330 [INFO] IPUIPlugin:80 - create IPUIPlugin
2024-05-11 07:53:09,330 [INFO] PluginManager:220 - loadIPPluginJar : add lorawan
2024-05-11 07:53:09,335 [INFO] IPUIPlugin:80 - create IPUIPlugin
2024-05-11 07:53:09,336 [INFO] PluginManager:220 - loadIPPluginJar : add pdm2pcm
2024-05-11 07:53:09,341 [INFO] IPUIPlugin:80 - create IPUIPlugin
2024-05-11 07:53:09,342 [INFO] PluginManager:220 - loadIPPluginJar : add gtzc
2024-05-11 07:53:09,347 [INFO] IPUIPlugin:80 - create IPUIPlugin
2024-05-11 07:53:09,347 [INFO] PluginManager:220 - loadIPPluginJar : add usbx
2024-05-11 07:53:09,456 [INFO] IPUIPlugin:80 - create IPUIPlugin
2024-05-11 07:53:09,456 [INFO] PluginManager:220 - loadIPPluginJar : add hash
2024-05-11 07:53:09,747 [INFO] IPUIPlugin:80 - create IPUIPlugin
2024-05-11 07:53:09,747 [INFO] PluginManager:220 - loadIPPluginJar : add genericplugin
2024-05-11 07:53:09,752 [INFO] IPUIPlugin:80 - create IPUIPlugin
2024-05-11 07:53:09,753 [INFO] PluginManager:220 - loadIPPluginJar : add ucpd
2024-05-11 07:53:09,764 [INFO] IPUIPlugin:80 - create IPUIPlugin
2024-05-11 07:53:09,769 [INFO] PluginManager:220 - loadIPPluginJar : add plateformsettings
2024-05-11 07:53:09,785 [INFO] IPUIPlugin:80 - create IPUIPlugin
2024-05-11 07:53:09,785 [INFO] PluginManager:220 - loadIPPluginJar : add opamp
2024-05-11 07:53:09,800 [INFO] IPUIPlugin:80 - create IPUIPlugin
2024-05-11 07:53:09,800 [INFO] PluginManager:220 - loadIPPluginJar : add i3c
2024-05-11 07:53:09,814 [INFO] IPUIPlugin:80 - create IPUIPlugin
2024-05-11 07:53:09,815 [INFO] PluginManager:220 - loadIPPluginJar : add resmgrutility
2024-05-11 07:53:09,819 [INFO] IPUIPlugin:80 - create IPUIPlugin
2024-05-11 07:53:09,819 [INFO] PluginManager:220 - loadIPPluginJar : add spi
2024-05-11 07:53:09,822 [INFO] IPUIPlugin:80 - create IPUIPlugin
2024-05-11 07:53:09,822 [INFO] PluginManager:220 - loadIPPluginJar : add quadspi
2024-05-11 07:53:09,826 [INFO] IPUIPlugin:80 - create IPUIPlugin
2024-05-11 07:53:09,827 [INFO] PluginManager:220 - loadIPPluginJar : add can
2024-05-11 07:53:09,832 [INFO] IPUIPlugin:80 - create IPUIPlugin
2024-05-11 07:53:09,832 [INFO] PluginManager:220 - loadIPPluginJar : add usart
2024-05-11 07:53:09,835 [INFO] IPUIPlugin:80 - create IPUIPlugin
2024-05-11 07:53:09,836 [INFO] PluginManager:220 - loadIPPluginJar : add ts
2024-05-11 07:53:09,853 [INFO] IPUIPlugin:80 - create IPUIPlugin
2024-05-11 07:53:09,853 [INFO] PluginManager:220 - loadIPPluginJar : add linkedlist
2024-05-11 07:53:09,857 [INFO] IPUIPlugin:80 - create IPUIPlugin
2024-05-11 07:53:09,857 [INFO] PluginManager:220 - loadIPPluginJar : add dfsdm
2024-05-11 07:53:09,865 [INFO] IPUIPlugin:80 - create IPUIPlugin
2024-05-11 07:53:09,866 [INFO] PluginManager:220 - loadIPPluginJar : add stm32_wpan
2024-05-11 07:53:09,870 [INFO] IPUIPlugin:80 - create IPUIPlugin
2024-05-11 07:53:09,870 [INFO] PluginManager:220 - loadIPPluginJar : add aes
2024-05-11 07:53:09,880 [INFO] IPUIPlugin:80 - create IPUIPlugin
2024-05-11 07:53:09,881 [INFO] PluginManager:220 - loadIPPluginJar : add adc
2024-05-11 07:53:09,885 [INFO] IPUIPlugin:80 - create IPUIPlugin
2024-05-11 07:53:09,885 [INFO] PluginManager:220 - loadIPPluginJar : add dma3
2024-05-11 07:53:09,895 [INFO] IPUIPlugin:80 - create IPUIPlugin
2024-05-11 07:53:09,895 [INFO] PluginManager:220 - loadIPPluginJar : add gpio
2024-05-11 07:53:09,899 [INFO] IPUIPlugin:80 - create IPUIPlugin
2024-05-11 07:53:09,900 [INFO] PluginManager:220 - loadIPPluginJar : add ltdc
2024-05-11 07:53:09,907 [INFO] IPUIPlugin:80 - create IPUIPlugin
2024-05-11 07:53:09,908 [INFO] PluginManager:220 - loadIPPluginJar : add cryp
2024-05-11 07:53:09,935 [INFO] IPUIPlugin:80 - create IPUIPlugin
2024-05-11 07:53:09,937 [INFO] PluginManager:220 - loadIPPluginJar : add freertos
2024-05-11 07:53:09,955 [INFO] IPUIPlugin:80 - create IPUIPlugin
2024-05-11 07:53:09,956 [INFO] PluginManager:220 - loadIPPluginJar : add i2s
2024-05-11 07:53:09,960 [INFO] IPUIPlugin:80 - create IPUIPlugin
2024-05-11 07:53:09,961 [INFO] PluginManager:220 - loadIPPluginJar : add i2c
2024-05-11 07:53:09,964 [INFO] IPUIPlugin:80 - create IPUIPlugin
2024-05-11 07:53:09,965 [INFO] PluginManager:220 - loadIPPluginJar : add comp
2024-05-11 07:53:09,968 [INFO] IPUIPlugin:80 - create IPUIPlugin
2024-05-11 07:53:09,969 [INFO] PluginManager:220 - loadIPPluginJar : add tim
2024-05-11 07:53:09,981 [INFO] IPUIPlugin:80 - create IPUIPlugin
2024-05-11 07:53:09,981 [INFO] PluginManager:220 - loadIPPluginJar : add ipddr
2024-05-11 07:53:09,996 [INFO] IPUIPlugin:80 - create IPUIPlugin
2024-05-11 07:53:09,996 [INFO] PluginManager:220 - loadIPPluginJar : add fmc
2024-05-11 07:53:10,009 [INFO] IPUIPlugin:80 - create IPUIPlugin
2024-05-11 07:53:10,010 [INFO] PluginManager:220 - loadIPPluginJar : add tsc
2024-05-11 07:53:10,020 [INFO] IPUIPlugin:80 - create IPUIPlugin
2024-05-11 07:53:10,020 [INFO] PluginManager:220 - loadIPPluginJar : add gfxmmu
2024-05-11 07:53:10,044 [INFO] IPUIPlugin:80 - create IPUIPlugin
2024-05-11 07:53:10,044 [INFO] PluginManager:220 - loadIPPluginJar : add mdma
2024-05-11 07:53:10,060 [INFO] IPUIPlugin:80 - create IPUIPlugin
2024-05-11 07:53:10,061 [INFO] PluginManager:220 - loadIPPluginJar : add gic
2024-05-11 07:53:10,068 [INFO] IPUIPlugin:80 - create IPUIPlugin
2024-05-11 07:53:10,068 [INFO] PluginManager:220 - loadIPPluginJar : add nvic
2024-05-11 07:53:10,071 [INFO] IPUIPlugin:80 - create IPUIPlugin
2024-05-11 07:53:10,072 [INFO] PluginManager:220 - loadIPPluginJar : add fatfs
2024-05-11 07:53:10,095 [INFO] IPUIPlugin:80 - create IPUIPlugin
2024-05-11 07:53:10,096 [INFO] PluginManager:220 - loadIPPluginJar : add sai
2024-05-11 07:53:10,100 [INFO] IPUIPlugin:80 - create IPUIPlugin
2024-05-11 07:53:10,101 [INFO] PluginManager:220 - loadIPPluginJar : add extmemmanager
2024-05-11 07:53:10,242 [INFO] CADModel:165 - CPN selected for project level
2024-05-11 07:53:10,243 [INFO] CADModel:114 - Register for checkConnection events
2024-05-11 07:53:10,243 [FATAL] Updater:308 - Updater called before beeing initialized
2024-05-11 07:53:10,243 [ERROR] CADModel:125 - Updater not yet initialized, retry later 
2024-05-11 07:53:10,534 [INFO] CADModel:165 - CPN selected for project level
2024-05-11 07:53:10,534 [INFO] CADModel:114 - Register for checkConnection events
2024-05-11 07:53:10,534 [FATAL] Updater:308 - Updater called before beeing initialized
2024-05-11 07:53:10,534 [ERROR] CADModel:125 - Updater not yet initialized, retry later 
2024-05-11 07:53:10,539 [FATAL] Updater:308 - Updater called before beeing initialized
2024-05-11 07:53:10,733 [FATAL] Updater:308 - Updater called before beeing initialized
2024-05-11 07:53:10,741 [INFO] DbMcusAds:53 - JSON generation date=Wed Nov 29 16:22:27 IST 2023 (1701255147349)
2024-05-11 07:53:10,742 [FATAL] Updater:308 - Updater called before beeing initialized
2024-05-11 07:53:10,840 [WARN] DetailPanel:346 - Failed to get advertising image, set to default
2024-05-11 07:53:11,116 [FATAL] Updater:308 - Updater called before beeing initialized
2024-05-11 07:53:11,120 [FATAL] Updater:308 - Updater called before beeing initialized
2024-05-11 07:53:11,120 [FATAL] Updater:308 - Updater called before beeing initialized
2024-05-11 07:53:11,120 [WARN] DetailPanel:346 - Failed to get advertising image, set to default
2024-05-11 07:53:11,122 [FATAL] Updater:308 - Updater called before beeing initialized
2024-05-11 07:53:11,245 [ERROR] Updater:1120 - MainUpdater not yet initialized. External WinMGr cannot be set.
2024-05-11 07:53:11,248 [INFO] Updater:1056 - Updater Version found : 6.11.1
2024-05-11 07:53:11,293 [INFO] ApplicationProperties:184 - Using Application install path: /home/priyanka/st/stm32cubeide_1.13.1/plugins/com.st.stm32cube.common.mx_6.11.1.202404110753
2024-05-11 07:53:11,365 [INFO] ThirdPartyUpdaterWithRetryManager:70 - Updater plugin not ready yet. [2/15]
2024-05-11 07:53:12,045 [INFO] MainUpdater:2873 - connection check result : 10
2024-05-11 07:53:12,045 [INFO] MainUpdater:3567 - Updater definition file requires update
2024-05-11 07:53:12,051 [INFO] MainUpdater:290 - Updater Check For Update Now.
2024-05-11 07:53:12,052 [INFO] MicroXplorer:498 - Change Database Version : DB.6.0.111
2024-05-11 07:53:12,059 [INFO] McuFinderGlobals:63 - Set McuFinder mode to 2 (CubeIDE integrated)
2024-05-11 07:53:12,069 [INFO] UserAuth:415 - Internet connection configuration mode: 1
2024-05-11 07:53:12,085 [INFO] JxBrowserEngine:152 - Initiate JxBrowser Engine with user profile folder
2024-05-11 07:53:12,296 [INFO] ServerAccessManage:473 - Download File updaters.zip
2024-05-11 07:53:13,421 [INFO] FileExtend:240 - Unzip File : updaters.zip
2024-05-11 07:53:13,422 [INFO] FileExtend:255 - Standard Zip Deflate
2024-05-11 07:53:13,973 [INFO] WebApp:161 - Instantiating new browser for Auth
2024-05-11 07:53:14,009 [INFO] ServerAccessManage:473 - Download File PacksControlFlags.xml
2024-05-11 07:53:14,345 [INFO] ServerAccessManage:473 - Download File cubemx.pidx
2024-05-11 07:53:14,367 [WARN] MainUpdater:1194 - Updater busy. Cannot search thirdparties
2024-05-11 07:53:14,368 [INFO] ThirdPartyUpdaterWithRetryManager:96 - Updater plugin is busy. [1/15]
2024-05-11 07:53:15,371 [INFO] WebApp:779 - Register for checkConnection events
2024-05-11 07:53:15,372 [INFO] WebApp:414 - Apply proxy settings
2024-05-11 07:53:15,373 [INFO] WebApp:499 - Chromium requires no authentication
2024-05-11 07:53:15,386 [INFO] WebApp:442 - Direct internet connection detected
2024-05-11 07:53:15,750 [INFO] WebApp:192 - Starting web application
2024-05-11 07:53:15,750 [INFO] WebApp:544 - Web application path used /home/priyanka/st/stm32cubeide_1.13.1/plugins/com.st.stm32cube.common.mx_6.11.1.202404110753/db/plugins/mcufinder/reactClient1/index.html
2024-05-11 07:53:16,384 [INFO] ServerAccessManage:473 - Download File STMicroelectronics.X-CUBE-ALGOBUILD.pdsc
2024-05-11 07:53:17,368 [WARN] MainUpdater:1194 - Updater busy. Cannot search thirdparties
2024-05-11 07:53:17,368 [INFO] ThirdPartyUpdaterWithRetryManager:96 - Updater plugin is busy. [2/15]
2024-05-11 07:53:20,369 [WARN] MainUpdater:1194 - Updater busy. Cannot search thirdparties
2024-05-11 07:53:20,369 [INFO] ThirdPartyUpdaterWithRetryManager:96 - Updater plugin is busy. [3/15]
2024-05-11 07:53:20,743 [INFO] ServerAccessManage:473 - Download File Cesanta.I-CUBE-Mongoose.pdsc
2024-05-11 07:53:23,370 [WARN] MainUpdater:1194 - Updater busy. Cannot search thirdparties
2024-05-11 07:53:23,370 [INFO] ThirdPartyUpdaterWithRetryManager:96 - Updater plugin is busy. [4/15]
2024-05-11 07:53:23,420 [ERROR] ServerAccessManage:1089 - Problem, file not found on Server
2024-05-11 07:53:23,602 [WARN] PackLoader:240 - Cannot read IP mode file for STMicroelectronics.X-CUBE-ALGOBUILD.1.4.0
2024-05-11 07:53:23,621 [WARN] PackLoader:240 - Cannot read IP mode file for Cesanta.I-CUBE-Mongoose.7.13.0
2024-05-11 07:53:23,622 [INFO] PopulateThirdPartyThread:66 - Ending populate Thread
2024-05-11 07:53:23,624 [INFO] ThirdParty:1030 - CMSIS Pack Vendor :Cesanta I-CUBE-Mongoose 7.13.0
2024-05-11 07:53:23,626 [INFO] ThirdParty:1030 - CMSIS Pack Vendor :STMicroelectronics X-CUBE-ALGOBUILD 1.4.0
2024-05-11 07:53:23,627 [INFO] LoadServerUpdatesThread:375 - End of LoadServerUpdate Thread
2024-05-11 07:53:23,760 [INFO] CheckServerUpdateThread:120 - End of CheckServer Thread
2024-05-11 07:53:26,583 [WARN] PackLoader:240 - Cannot read IP mode file for STMicroelectronics.FP-SNS-MOTENVWB1.1.4.0
2024-05-11 07:53:26,593 [WARN] PackLoader:240 - Cannot read IP mode file for STMicroelectronics.X-CUBE-SMBUS.2.1.0
2024-05-11 07:53:26,598 [WARN] PackLoader:240 - Cannot read IP mode file for STMicroelectronics.X-CUBE-TOUCHGFX.4.23.2
2024-05-11 07:53:26,649 [WARN] PackLoader:240 - Cannot read IP mode file for STMicroelectronics.X-CUBE-AZRTOS-F7.1.1.0
2024-05-11 07:53:26,673 [WARN] PackLoader:240 - Cannot read IP mode file for STMicroelectronics.FP-SNS-MOTENV1.4.3.2
2024-05-11 07:53:26,688 [WARN] PackLoader:240 - Cannot read IP mode file for STMicroelectronics.FP-SNS-FLIGHT1.5.0.2
2024-05-11 07:53:26,703 [WARN] PackLoader:240 - Cannot read IP mode file for STMicroelectronics.X-CUBE-DISPLAY.3.0.0
2024-05-11 07:53:26,737 [WARN] PackLoader:240 - Cannot read IP mode file for STMicroelectronics.X-CUBE-BLE1.7.0.0
2024-05-11 07:53:26,745 [WARN] PackLoader:240 - Cannot read IP mode file for emotas.I-CUBE-CANOPEN.1.3.0
2024-05-11 07:53:26,751 [WARN] PackLoader:240 - Cannot read IP mode file for STMicroelectronics.X-CUBE-TOUCHGFX.4.22.0
2024-05-11 07:53:26,767 [WARN] PackLoader:240 - Cannot read IP mode file for STMicroelectronics.X-CUBE-BLEMGR.3.1.0
2024-05-11 07:53:26,780 [WARN] PackLoader:240 - Cannot read IP mode file for STMicroelectronics.FP-SNS-SMARTAG2.1.2.0
2024-05-11 07:53:26,792 [INFO] LogOutputStream:77 - [STDOUT_REDIRECT] 1 : Invalid condition id : UX_CORESTACK_Condition cause : null
2024-05-11 07:53:26,793 [INFO] LogOutputStream:77 - [STDOUT_REDIRECT] 1 : Invalid condition id : UX_CORESTACK_Condition cause : null
2024-05-11 07:53:26,793 [INFO] LogOutputStream:77 - [STDOUT_REDIRECT] 1 : Invalid condition id : UX_CORESTACK_Condition cause : null
2024-05-11 07:53:26,793 [INFO] LogOutputStream:77 - [STDOUT_REDIRECT] 1 : Invalid condition id : UX_CORESTACK_Condition cause : null
2024-05-11 07:53:26,794 [INFO] LogOutputStream:77 - [STDOUT_REDIRECT] 1 : Invalid condition id : UX_CORESTACK_Condition cause : null
2024-05-11 07:53:26,802 [WARN] PackLoader:240 - Cannot read IP mode file for STMicroelectronics.X-CUBE-AZRTOS-WL.2.0.0
2024-05-11 07:53:26,810 [WARN] PackLoader:240 - Cannot read IP mode file for STMicroelectronics.FP-SNS-MOTENV1.5.0.0
2024-05-11 07:53:26,823 [WARN] PackLoader:240 - Cannot read IP mode file for WES.I-CUBE-Cesium.1.3.0
2024-05-11 07:53:26,831 [WARN] PackLoader:240 - Cannot read IP mode file for STMicroelectronics.X-CUBE-BLE2.3.3.0
2024-05-11 07:53:26,841 [WARN] PackLoader:240 - Cannot read IP mode file for STMicroelectronics.X-CUBE-TCPP.4.1.0
2024-05-11 07:53:26,856 [WARN] PackLoader:240 - Cannot read IP mode file for STMicroelectronics.X-CUBE-ALGOBUILD.1.3.0
2024-05-11 07:53:26,891 [WARN] PackLoader:240 - Cannot read IP mode file for STMicroelectronics.X-CUBE-AZRTOS-G0.1.1.0
2024-05-11 07:53:26,909 [WARN] PackLoader:240 - Cannot read IP mode file for STMicroelectronics.X-CUBE-SAFEA1.1.2.2
2024-05-11 07:53:26,919 [WARN] PackLoader:240 - Cannot read IP mode file for STMicroelectronics.X-CUBE-NFC4.3.0.0
2024-05-11 07:53:26,927 [WARN] PackLoader:240 - Cannot read IP mode file for STMicroelectronics.FP-ATR-SIGFOX1.3.2.0
2024-05-11 07:53:26,937 [WARN] PackLoader:240 - Cannot read IP mode file for STMicroelectronics.X-CUBE-EEPRMA1.5.1.0
2024-05-11 07:53:26,951 [WARN] PackLoader:240 - Cannot read IP mode file for ITTIA_DB.I-CUBE-ITTIADB.8.9.0
2024-05-11 07:53:27,017 [WARN] PackLoader:240 - Cannot read IP mode file for SEGGER.I-CUBE-embOS.1.3.1
2024-05-11 07:53:27,093 [WARN] PackLoader:240 - Cannot read IP mode file for STMicroelectronics.X-CUBE-ALGOBUILD.1.4.0
2024-05-11 07:53:27,102 [WARN] PackLoader:240 - Cannot read IP mode file for STMicroelectronics.X-CUBE-GNSS1.6.0.0
2024-05-11 07:53:27,126 [WARN] PackLoader:240 - Cannot read IP mode file for STMicroelectronics.X-CUBE-AZRTOS-F4.1.1.0
2024-05-11 07:53:27,135 [WARN] PackLoader:240 - Cannot read IP mode file for wolfSSL.I-CUBE-wolfSSL.5.6.3
2024-05-11 07:53:27,142 [WARN] PackLoader:240 - Cannot read IP mode file for STMicroelectronics.X-CUBE-FREERTOS.1.2.0
2024-05-11 07:53:27,163 [WARN] PackLoader:240 - Cannot read IP mode file for STMicroelectronics.X-CUBE-AZRTOS-L5.2.0.0
2024-05-11 07:53:27,228 [WARN] PackLoader:240 - Cannot read IP mode file for STMicroelectronics.X-CUBE-MEMS1.9.6.0
2024-05-11 07:53:27,489 [WARN] PackLoader:240 - Cannot read IP mode file for STMicroelectronics.X-CUBE-NFC6.3.1.0
2024-05-11 07:53:27,507 [WARN] PackLoader:240 - Cannot read IP mode file for STMicroelectronics.X-CUBE-BLEMGR.2.0.0
2024-05-11 07:53:27,521 [WARN] PackLoader:240 - Cannot read IP mode file for STMicroelectronics.X-CUBE-AI.9.0.0
2024-05-11 07:53:27,554 [WARN] ConditionMgr:438 - getConditionDescription Invalid condition id : UX DEVICE CLASS RTOS Condition cause : null
2024-05-11 07:53:27,554 [WARN] ConditionMgr:438 - getConditionDescription Invalid condition id : UX DEVICE CLASS RTOS Condition cause : null
2024-05-11 07:53:27,560 [WARN] PackLoader:240 - Cannot read IP mode file for STMicroelectronics.X-CUBE-AZRTOS-H7.3.1.0
2024-05-11 07:53:27,562 [WARN] ConditionMgr:1039 - genDependencies : Invalid condition id : UX DEVICE CLASS RTOS Condition cause : null
2024-05-11 07:53:27,562 [WARN] ConditionMgr:1039 - genDependencies : Invalid condition id : UX DEVICE CLASS RTOS Condition cause : null
2024-05-11 07:53:27,564 [WARN] ConditionMgr:1039 - genDependencies : Invalid condition id : UX DEVICE CLASS RTOS Condition cause : null
2024-05-11 07:53:27,565 [WARN] ConditionMgr:1039 - genDependencies : Invalid condition id : UX DEVICE CLASS RTOS Condition cause : null
2024-05-11 07:53:27,565 [WARN] ConditionMgr:1039 - genDependencies : Invalid condition id : UX DEVICE CLASS RTOS Condition cause : null
2024-05-11 07:53:27,589 [WARN] PackLoader:240 - Cannot read IP mode file for STMicroelectronics.X-CUBE-NFC7.1.0.1
2024-05-11 07:53:27,600 [WARN] PackLoader:240 - Cannot read IP mode file for STMicroelectronics.X-CUBE-NFC6.3.0.0
2024-05-11 07:53:27,613 [WARN] PackLoader:240 - Cannot read IP mode file for STMicroelectronics.X-CUBE-EEPRMA1.4.1.0
2024-05-11 07:53:27,620 [WARN] PackLoader:240 - Cannot read IP mode file for STMicroelectronics.X-CUBE-AI.8.1.0
2024-05-11 07:53:27,649 [WARN] ConditionMgr:438 - getConditionDescription Invalid condition id : LAN8742 Phy interface Condition cause : null
2024-05-11 07:53:27,650 [WARN] PackLoader:240 - Cannot read IP mode file for STMicroelectronics.X-CUBE-AZRTOS-L4.2.0.0
2024-05-11 07:53:27,653 [WARN] ConditionMgr:1039 - genDependencies : Invalid condition id : LAN8742 Phy interface Condition cause : null
2024-05-11 07:53:27,654 [WARN] ConditionMgr:1039 - genDependencies : Invalid condition id : LAN8742 Phy interface Condition cause : null
2024-05-11 07:53:27,656 [WARN] ConditionMgr:1039 - genDependencies : Invalid condition id : LAN8742 Phy interface Condition cause : null
2024-05-11 07:53:27,675 [WARN] PackLoader:240 - Cannot read IP mode file for STMicroelectronics.X-CUBE-SFXS2LP1.4.0.0
2024-05-11 07:53:27,682 [WARN] PackLoader:240 - Cannot read IP mode file for STMicroelectronics.X-CUBE-ISPU.1.1.0
2024-05-11 07:53:27,702 [WARN] ConditionMgr:438 - getConditionDescription Invalid condition id : UX DEVICE CLASS RTOS Condition cause : null
2024-05-11 07:53:27,702 [WARN] ConditionMgr:438 - getConditionDescription Invalid condition id : UX DEVICE CLASS RTOS Condition cause : null
2024-05-11 07:53:27,706 [WARN] PackLoader:240 - Cannot read IP mode file for STMicroelectronics.X-CUBE-AZRTOS-WB.2.0.0
2024-05-11 07:53:27,708 [WARN] ConditionMgr:1039 - genDependencies : Invalid condition id : UX DEVICE CLASS RTOS Condition cause : null
2024-05-11 07:53:27,708 [WARN] ConditionMgr:1039 - genDependencies : Invalid condition id : UX DEVICE CLASS RTOS Condition cause : null
2024-05-11 07:53:27,709 [WARN] ConditionMgr:1039 - genDependencies : Invalid condition id : UX DEVICE CLASS RTOS Condition cause : null
2024-05-11 07:53:27,709 [WARN] ConditionMgr:1039 - genDependencies : Invalid condition id : UX DEVICE CLASS RTOS Condition cause : null
2024-05-11 07:53:27,710 [WARN] ConditionMgr:1039 - genDependencies : Invalid condition id : UX DEVICE CLASS RTOS Condition cause : null
2024-05-11 07:53:27,744 [WARN] PackLoader:240 - Cannot read IP mode file for STMicroelectronics.X-CUBE-SUBG2.5.0.0
2024-05-11 07:53:27,784 [WARN] PackLoader:240 - Cannot read IP mode file for STMicroelectronics.X-CUBE-TOF1.3.3.1
2024-05-11 07:53:27,826 [WARN] PackLoader:240 - Cannot read IP mode file for STMicroelectronics.X-CUBE-AZRTOS-G4.2.0.0
2024-05-11 07:53:27,843 [WARN] PackLoader:240 - Cannot read IP mode file for STMicroelectronics.X-CUBE-ISPU.2.0.0
2024-05-11 07:53:27,918 [WARN] PackLoader:240 - Cannot read IP mode file for STMicroelectronics.X-CUBE-MEMS1.10.0.0
2024-05-11 07:53:28,147 [WARN] PackLoader:240 - Cannot read IP mode file for STMicroelectronics.X-CUBE-FREERTOS.1.1.0
2024-05-11 07:53:28,155 [WARN] PackLoader:240 - Cannot read IP mode file for portGmbH.I-Cube-SoM-uGOAL.1.1.0
2024-05-11 07:53:28,161 [WARN] PackLoader:240 - Cannot read IP mode file for STMicroelectronics.X-CUBE-ALS.1.0.1
2024-05-11 07:53:28,190 [WARN] PackLoader:240 - Cannot read IP mode file for STMicroelectronics.X-CUBE-AZRTOS-H7RS.1.0.0
2024-05-11 07:53:28,196 [WARN] PackLoader:240 - Cannot read IP mode file for STMicroelectronics.FP-ATR-ASTRA1.2.0.0
2024-05-11 07:53:28,207 [WARN] PackLoader:240 - Cannot read IP mode file for STMicroelectronics.X-CUBE-TOF1.3.4.1
2024-05-11 07:53:28,244 [WARN] PackLoader:240 - Cannot read IP mode file for STMicroelectronics.X-CUBE-AZRTOS-H7.3.2.0
2024-05-11 07:53:28,261 [WARN] PackLoader:240 - Cannot read IP mode file for Infineon.AIROC-Wi-Fi-Bluetooth-STM32.1.6.0
2024-05-11 07:53:28,268 [INFO] ThirdParty:978 - Integrity check success = true
2024-05-11 07:53:28,268 [INFO] IntegrityCheckThread:100 - exiting critical section [integrity check]
2024-05-11 07:53:28,268 [INFO] IntegrityCheckThread:103 - End integrity checks thread
2024-05-11 09:21:40,487 [ERROR] LogOutputStream:75 - [STDERR_REDIRECT] 
2024-05-11 10:59:11,953 [INFO] Activator:176 - 


2024-05-11 10:59:11,956 [INFO] Activator:177 - !SESSION log4j initialized
2024-05-11 10:59:19,617 [INFO] LogOutputStream:77 - [STDOUT_REDIRECT] 
2024-05-11 10:59:21,610 [INFO] ApplicationProperties:184 - Using Application install path: /home/priyanka/st/stm32cubeide_1.13.1/plugins/com.st.stm32cube.common.mx_6.11.1.202404110753
2024-05-11 10:59:21,633 [INFO] DbMcusXml:78 - Set database path to: /home/priyanka/st/stm32cubeide_1.13.1/plugins/com.st.stm32cube.common.mx_6.11.1.202404110753//db//mcu/
2024-05-11 10:59:21,633 [INFO] ApiDb:274 - Set plugin database path to: /home/priyanka/st/stm32cubeide_1.13.1/plugins/com.st.stm32cube.common.mx_6.11.1.202404110753//db//plugins/boardmanager/
2024-05-11 10:59:21,634 [WARN] ApiDb:259 - Overriding images path with different value:  => /home/priyanka/st/stm32cubeide_1.13.1/plugins/com.st.stm32cube.common.mx_6.11.1.202404110753//db//plugins/mcufinder/images/
2024-05-11 10:59:21,644 [INFO] ApiDb:250 - Set database path to: /home/priyanka/.stmcufinder/plugins/mcufinder//mcu/
2024-05-11 10:59:21,646 [INFO] DbMcusAds:125 - Set database path to: /home/priyanka/.stmcufinder/plugins/mcufinder//mcu/
2024-05-11 10:59:21,650 [INFO] CrossReferenceDbSqlite:203 - Set database path to: /home/priyanka/.stmcufinder/plugins/mcufinder//mcu/cs/
2024-05-11 10:59:21,836 [INFO] RulesReader:64 - Compatibility file has been processed (297 Rules)
2024-05-11 10:59:21,948 [INFO] DbMcusXml:78 - Set database path to: /home/priyanka/st/stm32cubeide_1.13.1/plugins/com.st.stm32cube.common.mx_6.11.1.202404110753//db//mcu/
2024-05-11 10:59:21,948 [INFO] ApiDb:274 - Set plugin database path to: /home/priyanka/st/stm32cubeide_1.13.1/plugins/com.st.stm32cube.common.mx_6.11.1.202404110753//db//plugins/boardmanager/
2024-05-11 10:59:21,948 [INFO] ApiDb:261 - Set plugin images path to: /home/priyanka/st/stm32cubeide_1.13.1/plugins/com.st.stm32cube.common.mx_6.11.1.202404110753//db//plugins/mcufinder/images/
2024-05-11 10:59:21,949 [WARN] DbFile:41 - Overriding database path with different value: /home/priyanka/.stmcufinder/plugins/mcufinder/ => /home/priyanka/.stmcufinder/plugins/mcufinder
2024-05-11 10:59:21,949 [INFO] ApiDb:250 - Set database path to: /home/priyanka/.stmcufinder/plugins/mcufinder//mcu/
2024-05-11 10:59:21,949 [WARN] DbFile:41 - Overriding database path with different value: /home/priyanka/.stmcufinder/plugins/mcufinder/ => /home/priyanka/.stmcufinder/plugins/mcufinder
2024-05-11 10:59:21,949 [INFO] DbMcusAds:125 - Set database path to: /home/priyanka/.stmcufinder/plugins/mcufinder//mcu/
2024-05-11 10:59:21,950 [WARN] DbFile:41 - Overriding database path with different value: /home/priyanka/.stmcufinder/plugins/mcufinder/ => /home/priyanka/.stmcufinder/plugins/mcufinder
2024-05-11 10:59:21,950 [WARN] DbFile:41 - Overriding database path with different value: /home/priyanka/.stmcufinder/plugins/mcufinder/ => /home/priyanka/.stmcufinder/plugins/mcufinder
2024-05-11 10:59:21,950 [INFO] CrossReferenceDbSqlite:203 - Set database path to: /home/priyanka/.stmcufinder/plugins/mcufinder//mcu/cs/
2024-05-11 10:59:22,076 [INFO] MainPanel:264 - HeapMemory: 300941312
2024-05-11 10:59:22,220 [INFO] DbMcusXml:78 - Set database path to: /home/priyanka/st/stm32cubeide_1.13.1/plugins/com.st.stm32cube.common.mx_6.11.1.202404110753//db//mcu/
2024-05-11 10:59:22,221 [INFO] ApiDb:274 - Set plugin database path to: /home/priyanka/st/stm32cubeide_1.13.1/plugins/com.st.stm32cube.common.mx_6.11.1.202404110753//db//plugins/boardmanager/
2024-05-11 10:59:22,221 [INFO] ApiDb:261 - Set plugin images path to: /home/priyanka/st/stm32cubeide_1.13.1/plugins/com.st.stm32cube.common.mx_6.11.1.202404110753//db//plugins/mcufinder/images/
2024-05-11 10:59:22,221 [WARN] DbFile:41 - Overriding database path with different value: /home/priyanka/.stmcufinder/plugins/mcufinder/ => /home/priyanka/.stmcufinder/plugins/mcufinder
2024-05-11 10:59:22,222 [INFO] ApiDb:250 - Set database path to: /home/priyanka/.stmcufinder/plugins/mcufinder//mcu/
2024-05-11 10:59:22,222 [WARN] DbFile:41 - Overriding database path with different value: /home/priyanka/.stmcufinder/plugins/mcufinder/ => /home/priyanka/.stmcufinder/plugins/mcufinder
2024-05-11 10:59:22,222 [INFO] DbMcusAds:125 - Set database path to: /home/priyanka/.stmcufinder/plugins/mcufinder//mcu/
2024-05-11 10:59:22,222 [WARN] DbFile:41 - Overriding database path with different value: /home/priyanka/.stmcufinder/plugins/mcufinder/ => /home/priyanka/.stmcufinder/plugins/mcufinder
2024-05-11 10:59:22,222 [WARN] DbFile:41 - Overriding database path with different value: /home/priyanka/.stmcufinder/plugins/mcufinder/ => /home/priyanka/.stmcufinder/plugins/mcufinder
2024-05-11 10:59:22,223 [INFO] CrossReferenceDbSqlite:203 - Set database path to: /home/priyanka/.stmcufinder/plugins/mcufinder//mcu/cs/
2024-05-11 10:59:22,245 [INFO] ApplicationProperties:184 - Using Application install path: /home/priyanka/st/stm32cubeide_1.13.1/plugins/com.st.stm32cube.common.mx_6.11.1.202404110753
2024-05-11 10:59:22,247 [INFO] PluginManage:196 - Search for loadable plugins [exclusion list=, ]
2024-05-11 10:59:22,249 [INFO] PluginManage:310 - Check plugin analytics
2024-05-11 10:59:22,556 [INFO] AnalyticsPlugin:253 - Accepted Software Licenses: 
2024-05-11 10:59:22,556 [INFO] AnalyticsPlugin:255 - Accepted CMSIS Pack Licenses: 
2024-05-11 10:59:22,557 [INFO] AnalyticsPlugin:257 - Accepted Firmware Licenses: 
2024-05-11 10:59:22,563 [INFO] PluginManage:359 - Loaded plugin analytics (category:tool,tabindex:-1)
2024-05-11 10:59:22,563 [INFO] PluginManage:310 - Check plugin cadmodel
2024-05-11 10:59:22,608 [INFO] CADModel:105 - Init CAD model plugin
2024-05-11 10:59:22,608 [INFO] PluginManage:359 - Loaded plugin cadmodel (category:power,tabindex:5)
2024-05-11 10:59:22,608 [INFO] PluginManage:310 - Check plugin clock
2024-05-11 10:59:22,623 [INFO] PluginManage:359 - Loaded plugin clock (category:base,tabindex:2)
2024-05-11 10:59:22,623 [INFO] PluginManage:310 - Check plugin ddr
2024-05-11 10:59:22,627 [INFO] PluginManage:359 - Loaded plugin ddr (category:tool,tabindex:6)
2024-05-11 10:59:22,627 [INFO] PluginManage:310 - Check plugin filemanager
2024-05-11 10:59:22,815 [INFO] PluginManage:359 - Loaded plugin filemanager (category:base,tabindex:10)
2024-05-11 10:59:22,815 [INFO] PluginManage:310 - Check plugin ipmanager
2024-05-11 10:59:22,823 [INFO] PluginManage:359 - Loaded plugin ipmanager (category:base,tabindex:5)
2024-05-11 10:59:22,824 [INFO] PluginManage:310 - Check plugin lpbam
2024-05-11 10:59:22,839 [INFO] PluginManage:359 - Loaded plugin lpbam (category:base,tabindex:0)
2024-05-11 10:59:22,839 [INFO] PluginManage:310 - Check plugin memorymap
2024-05-11 10:59:22,856 [INFO] PluginManage:359 - Loaded plugin memorymap (category:base,tabindex:4)
2024-05-11 10:59:22,857 [INFO] PluginManage:310 - Check plugin pinoutandconfiguration
2024-05-11 10:59:22,872 [INFO] PluginManage:359 - Loaded plugin pinoutandconfiguration (category:base,tabindex:1)
2024-05-11 10:59:22,873 [INFO] PluginManage:310 - Check plugin pinoutconfig
2024-05-11 10:59:23,002 [WARN] SupportedApi:132 - Cannot load RTOS API schema: s4s-elt-must-match.1: The content of 'definitions' must match (annotation?, (simpleType | complexType)?, (unique | key | keyref)*)). A problem was found starting at: attribute.
2024-05-11 10:59:23,256 [INFO] PluginManage:359 - Loaded plugin pinoutconfig (category:base,tabindex:0)
2024-05-11 10:59:23,256 [INFO] PluginManage:310 - Check plugin power
2024-05-11 10:59:23,272 [INFO] PluginManage:359 - Loaded plugin power (category:power,tabindex:4)
2024-05-11 10:59:23,273 [INFO] PluginManage:310 - Check plugin projectmanager
2024-05-11 10:59:23,300 [INFO] PluginManage:359 - Loaded plugin projectmanager (category:projectmanager,tabindex:3)
2024-05-11 10:59:23,300 [INFO] PluginManage:310 - Check plugin thirdparty
2024-05-11 10:59:23,569 [WARN] IntegrityCheckThread:84 - waiting for thirdparty lock release [integrity check]
2024-05-11 10:59:23,570 [INFO] IntegrityCheckThread:86 - entering critical section [integrity check]
2024-05-11 10:59:23,570 [INFO] PluginManage:359 - Loaded plugin thirdparty (category:base,tabindex:-1)
2024-05-11 10:59:23,571 [INFO] PluginManage:310 - Check plugin tools
2024-05-11 10:59:23,572 [INFO] ThirdPartyUpdaterWithRetryManager:70 - Updater plugin not ready yet. [1/15]
2024-05-11 10:59:23,575 [INFO] PluginManage:359 - Loaded plugin tools (category:base,tabindex:7)
2024-05-11 10:59:23,575 [INFO] PluginManage:310 - Check plugin tutovideos
2024-05-11 10:59:23,865 [INFO] PluginManage:359 - Loaded plugin tutovideos (category:base,tabindex:-1)
2024-05-11 10:59:23,865 [INFO] PluginManage:310 - Check plugin updater
2024-05-11 10:59:23,880 [INFO] PluginManage:359 - Loaded plugin updater (category:base,tabindex:12)
2024-05-11 10:59:23,880 [INFO] PluginManage:310 - Check plugin userauth
2024-05-11 10:59:23,888 [INFO] UserAuth:114 - Init User Auth plugin
2024-05-11 10:59:23,888 [INFO] PluginManage:359 - Loaded plugin userauth (category:base,tabindex:14)
2024-05-11 10:59:23,889 [INFO] PluginManage:283 - PluginManage : Loaded plugins [17]
2024-05-11 10:59:24,168 [INFO] PinOutPanel:1561 - setPackage(No Configuration,No Configuration)
2024-05-11 10:59:24,275 [INFO] CADModel:165 - CPN selected for project level
2024-05-11 10:59:24,276 [INFO] CADModel:114 - Register for checkConnection events
2024-05-11 10:59:24,296 [INFO] IPUIPlugin:80 - create IPUIPlugin
2024-05-11 10:59:24,297 [INFO] PluginManager:220 - loadIPPluginJar : add dma
2024-05-11 10:59:24,304 [INFO] IPUIPlugin:80 - create IPUIPlugin
2024-05-11 10:59:24,304 [INFO] PluginManager:220 - loadIPPluginJar : add tracer_emb
2024-05-11 10:59:24,313 [INFO] IPUIPlugin:80 - create IPUIPlugin
2024-05-11 10:59:24,314 [INFO] PluginManager:220 - loadIPPluginJar : add touchsensing
2024-05-11 10:59:24,318 [INFO] IPUIPlugin:80 - create IPUIPlugin
2024-05-11 10:59:24,318 [INFO] PluginManager:220 - loadIPPluginJar : add openamp
2024-05-11 10:59:24,322 [INFO] IPUIPlugin:80 - create IPUIPlugin
2024-05-11 10:59:24,323 [INFO] PluginManager:220 - loadIPPluginJar : add lorawan
2024-05-11 10:59:24,327 [INFO] IPUIPlugin:80 - create IPUIPlugin
2024-05-11 10:59:24,328 [INFO] PluginManager:220 - loadIPPluginJar : add pdm2pcm
2024-05-11 10:59:24,332 [INFO] IPUIPlugin:80 - create IPUIPlugin
2024-05-11 10:59:24,332 [INFO] PluginManager:220 - loadIPPluginJar : add gtzc
2024-05-11 10:59:24,337 [INFO] IPUIPlugin:80 - create IPUIPlugin
2024-05-11 10:59:24,338 [INFO] PluginManager:220 - loadIPPluginJar : add usbx
2024-05-11 10:59:24,343 [INFO] IPUIPlugin:80 - create IPUIPlugin
2024-05-11 10:59:24,343 [INFO] PluginManager:220 - loadIPPluginJar : add hash
2024-05-11 10:59:24,346 [INFO] IPUIPlugin:80 - create IPUIPlugin
2024-05-11 10:59:24,347 [INFO] PluginManager:220 - loadIPPluginJar : add genericplugin
2024-05-11 10:59:24,350 [INFO] IPUIPlugin:80 - create IPUIPlugin
2024-05-11 10:59:24,351 [INFO] PluginManager:220 - loadIPPluginJar : add ucpd
2024-05-11 10:59:24,363 [INFO] IPUIPlugin:80 - create IPUIPlugin
2024-05-11 10:59:24,368 [INFO] PluginManager:220 - loadIPPluginJar : add plateformsettings
2024-05-11 10:59:24,378 [INFO] IPUIPlugin:80 - create IPUIPlugin
2024-05-11 10:59:24,379 [INFO] PluginManager:220 - loadIPPluginJar : add opamp
2024-05-11 10:59:24,383 [INFO] IPUIPlugin:80 - create IPUIPlugin
2024-05-11 10:59:24,383 [INFO] PluginManager:220 - loadIPPluginJar : add i3c
2024-05-11 10:59:24,389 [INFO] IPUIPlugin:80 - create IPUIPlugin
2024-05-11 10:59:24,390 [INFO] PluginManager:220 - loadIPPluginJar : add resmgrutility
2024-05-11 10:59:24,395 [INFO] IPUIPlugin:80 - create IPUIPlugin
2024-05-11 10:59:24,395 [INFO] PluginManager:220 - loadIPPluginJar : add spi
2024-05-11 10:59:24,399 [INFO] IPUIPlugin:80 - create IPUIPlugin
2024-05-11 10:59:24,400 [INFO] PluginManager:220 - loadIPPluginJar : add quadspi
2024-05-11 10:59:24,404 [INFO] IPUIPlugin:80 - create IPUIPlugin
2024-05-11 10:59:24,404 [INFO] PluginManager:220 - loadIPPluginJar : add can
2024-05-11 10:59:24,408 [INFO] IPUIPlugin:80 - create IPUIPlugin
2024-05-11 10:59:24,408 [INFO] PluginManager:220 - loadIPPluginJar : add usart
2024-05-11 10:59:24,412 [INFO] IPUIPlugin:80 - create IPUIPlugin
2024-05-11 10:59:24,413 [INFO] PluginManager:220 - loadIPPluginJar : add ts
2024-05-11 10:59:24,424 [INFO] IPUIPlugin:80 - create IPUIPlugin
2024-05-11 10:59:24,424 [INFO] PluginManager:220 - loadIPPluginJar : add linkedlist
2024-05-11 10:59:24,428 [INFO] IPUIPlugin:80 - create IPUIPlugin
2024-05-11 10:59:24,428 [INFO] PluginManager:220 - loadIPPluginJar : add dfsdm
2024-05-11 10:59:24,436 [INFO] IPUIPlugin:80 - create IPUIPlugin
2024-05-11 10:59:24,437 [INFO] PluginManager:220 - loadIPPluginJar : add stm32_wpan
2024-05-11 10:59:24,441 [INFO] IPUIPlugin:80 - create IPUIPlugin
2024-05-11 10:59:24,442 [INFO] PluginManager:220 - loadIPPluginJar : add aes
2024-05-11 10:59:24,452 [INFO] IPUIPlugin:80 - create IPUIPlugin
2024-05-11 10:59:24,454 [INFO] PluginManager:220 - loadIPPluginJar : add adc
2024-05-11 10:59:24,458 [INFO] IPUIPlugin:80 - create IPUIPlugin
2024-05-11 10:59:24,458 [INFO] PluginManager:220 - loadIPPluginJar : add dma3
2024-05-11 10:59:24,468 [INFO] IPUIPlugin:80 - create IPUIPlugin
2024-05-11 10:59:24,469 [INFO] PluginManager:220 - loadIPPluginJar : add gpio
2024-05-11 10:59:24,473 [INFO] IPUIPlugin:80 - create IPUIPlugin
2024-05-11 10:59:24,473 [INFO] PluginManager:220 - loadIPPluginJar : add ltdc
2024-05-11 10:59:24,477 [INFO] IPUIPlugin:80 - create IPUIPlugin
2024-05-11 10:59:24,479 [INFO] PluginManager:220 - loadIPPluginJar : add cryp
2024-05-11 10:59:24,488 [INFO] IPUIPlugin:80 - create IPUIPlugin
2024-05-11 10:59:24,489 [INFO] PluginManager:220 - loadIPPluginJar : add freertos
2024-05-11 10:59:24,493 [INFO] IPUIPlugin:80 - create IPUIPlugin
2024-05-11 10:59:24,494 [INFO] PluginManager:220 - loadIPPluginJar : add i2s
2024-05-11 10:59:24,499 [INFO] IPUIPlugin:80 - create IPUIPlugin
2024-05-11 10:59:24,499 [INFO] PluginManager:220 - loadIPPluginJar : add i2c
2024-05-11 10:59:24,502 [INFO] IPUIPlugin:80 - create IPUIPlugin
2024-05-11 10:59:24,503 [INFO] PluginManager:220 - loadIPPluginJar : add comp
2024-05-11 10:59:24,506 [INFO] IPUIPlugin:80 - create IPUIPlugin
2024-05-11 10:59:24,506 [INFO] PluginManager:220 - loadIPPluginJar : add tim
2024-05-11 10:59:24,511 [INFO] IPUIPlugin:80 - create IPUIPlugin
2024-05-11 10:59:24,512 [INFO] PluginManager:220 - loadIPPluginJar : add ipddr
2024-05-11 10:59:24,520 [INFO] IPUIPlugin:80 - create IPUIPlugin
2024-05-11 10:59:24,520 [INFO] PluginManager:220 - loadIPPluginJar : add fmc
2024-05-11 10:59:24,523 [INFO] IPUIPlugin:80 - create IPUIPlugin
2024-05-11 10:59:24,524 [INFO] PluginManager:220 - loadIPPluginJar : add tsc
2024-05-11 10:59:24,527 [INFO] IPUIPlugin:80 - create IPUIPlugin
2024-05-11 10:59:24,528 [INFO] PluginManager:220 - loadIPPluginJar : add gfxmmu
2024-05-11 10:59:24,536 [INFO] IPUIPlugin:80 - create IPUIPlugin
2024-05-11 10:59:24,537 [INFO] PluginManager:220 - loadIPPluginJar : add mdma
2024-05-11 10:59:24,544 [INFO] IPUIPlugin:80 - create IPUIPlugin
2024-05-11 10:59:24,544 [INFO] PluginManager:220 - loadIPPluginJar : add gic
2024-05-11 10:59:24,549 [INFO] IPUIPlugin:80 - create IPUIPlugin
2024-05-11 10:59:24,549 [INFO] PluginManager:220 - loadIPPluginJar : add nvic
2024-05-11 10:59:24,551 [INFO] IPUIPlugin:80 - create IPUIPlugin
2024-05-11 10:59:24,552 [INFO] PluginManager:220 - loadIPPluginJar : add fatfs
2024-05-11 10:59:24,556 [INFO] IPUIPlugin:80 - create IPUIPlugin
2024-05-11 10:59:24,557 [INFO] PluginManager:220 - loadIPPluginJar : add sai
2024-05-11 10:59:24,560 [INFO] IPUIPlugin:80 - create IPUIPlugin
2024-05-11 10:59:24,560 [INFO] PluginManager:220 - loadIPPluginJar : add extmemmanager
2024-05-11 10:59:24,678 [INFO] CADModel:165 - CPN selected for project level
2024-05-11 10:59:24,678 [INFO] CADModel:114 - Register for checkConnection events
2024-05-11 10:59:24,678 [FATAL] Updater:308 - Updater called before beeing initialized
2024-05-11 10:59:24,679 [ERROR] CADModel:125 - Updater not yet initialized, retry later 
2024-05-11 10:59:24,884 [INFO] CADModel:165 - CPN selected for project level
2024-05-11 10:59:24,884 [INFO] CADModel:114 - Register for checkConnection events
2024-05-11 10:59:24,884 [FATAL] Updater:308 - Updater called before beeing initialized
2024-05-11 10:59:24,884 [ERROR] CADModel:125 - Updater not yet initialized, retry later 
2024-05-11 10:59:24,889 [FATAL] Updater:308 - Updater called before beeing initialized
2024-05-11 10:59:25,019 [FATAL] Updater:308 - Updater called before beeing initialized
2024-05-11 10:59:25,025 [INFO] DbMcusAds:53 - JSON generation date=Wed Nov 29 16:22:27 IST 2023 (1701255147349)
2024-05-11 10:59:25,026 [FATAL] Updater:308 - Updater called before beeing initialized
2024-05-11 10:59:25,078 [WARN] DetailPanel:346 - Failed to get advertising image, set to default
2024-05-11 10:59:25,245 [FATAL] Updater:308 - Updater called before beeing initialized
2024-05-11 10:59:25,247 [FATAL] Updater:308 - Updater called before beeing initialized
2024-05-11 10:59:25,247 [FATAL] Updater:308 - Updater called before beeing initialized
2024-05-11 10:59:25,247 [WARN] DetailPanel:346 - Failed to get advertising image, set to default
2024-05-11 10:59:25,249 [FATAL] Updater:308 - Updater called before beeing initialized
2024-05-11 10:59:25,309 [ERROR] Updater:1120 - MainUpdater not yet initialized. External WinMGr cannot be set.
2024-05-11 10:59:25,312 [INFO] Updater:1056 - Updater Version found : 6.11.1
2024-05-11 10:59:25,341 [INFO] ApplicationProperties:184 - Using Application install path: /home/priyanka/st/stm32cubeide_1.13.1/plugins/com.st.stm32cube.common.mx_6.11.1.202404110753
2024-05-11 10:59:26,319 [INFO] MainUpdater:2873 - connection check result : 10
2024-05-11 10:59:26,320 [INFO] MainUpdater:290 - Updater Check For Update Now.
2024-05-11 10:59:26,321 [INFO] MicroXplorer:498 - Change Database Version : DB.6.0.111
2024-05-11 10:59:26,334 [INFO] McuFinderGlobals:63 - Set McuFinder mode to 2 (CubeIDE integrated)
2024-05-11 10:59:26,345 [INFO] UserAuth:415 - Internet connection configuration mode: 1
2024-05-11 10:59:26,366 [INFO] JxBrowserEngine:152 - Initiate JxBrowser Engine with user profile folder
2024-05-11 10:59:26,573 [WARN] MainUpdater:1194 - Updater busy. Cannot search thirdparties
2024-05-11 10:59:26,574 [INFO] ThirdPartyUpdaterWithRetryManager:96 - Updater plugin is busy. [1/15]
2024-05-11 10:59:26,610 [INFO] CheckServerUpdateThread:120 - End of CheckServer Thread
2024-05-11 10:59:28,440 [INFO] WebApp:161 - Instantiating new browser for Auth
2024-05-11 10:59:29,734 [INFO] WebApp:779 - Register for checkConnection events
2024-05-11 10:59:29,735 [INFO] WebApp:414 - Apply proxy settings
2024-05-11 10:59:29,736 [INFO] WebApp:499 - Chromium requires no authentication
2024-05-11 10:59:29,755 [INFO] WebApp:442 - Direct internet connection detected
2024-05-11 10:59:29,929 [WARN] PackLoader:240 - Cannot read IP mode file for STMicroelectronics.FP-SNS-MOTENVWB1.1.4.0
2024-05-11 10:59:29,950 [WARN] PackLoader:240 - Cannot read IP mode file for STMicroelectronics.X-CUBE-SMBUS.2.1.0
2024-05-11 10:59:29,960 [WARN] PackLoader:240 - Cannot read IP mode file for STMicroelectronics.X-CUBE-TOUCHGFX.4.23.2
2024-05-11 10:59:30,072 [WARN] PackLoader:240 - Cannot read IP mode file for STMicroelectronics.X-CUBE-AZRTOS-F7.1.1.0
2024-05-11 10:59:30,100 [WARN] PackLoader:240 - Cannot read IP mode file for STMicroelectronics.FP-SNS-MOTENV1.4.3.2
2024-05-11 10:59:30,123 [WARN] PackLoader:240 - Cannot read IP mode file for STMicroelectronics.FP-SNS-FLIGHT1.5.0.2
2024-05-11 10:59:30,164 [INFO] WebApp:192 - Starting web application
2024-05-11 10:59:30,164 [INFO] WebApp:544 - Web application path used /home/priyanka/st/stm32cubeide_1.13.1/plugins/com.st.stm32cube.common.mx_6.11.1.202404110753/db/plugins/mcufinder/reactClient1/index.html
2024-05-11 10:59:30,167 [WARN] PackLoader:240 - Cannot read IP mode file for STMicroelectronics.X-CUBE-DISPLAY.3.0.0
2024-05-11 10:59:30,242 [WARN] PackLoader:240 - Cannot read IP mode file for STMicroelectronics.X-CUBE-BLE1.7.0.0
2024-05-11 10:59:30,292 [WARN] PackLoader:240 - Cannot read IP mode file for emotas.I-CUBE-CANOPEN.1.3.0
2024-05-11 10:59:30,301 [WARN] PackLoader:240 - Cannot read IP mode file for STMicroelectronics.X-CUBE-TOUCHGFX.4.22.0
2024-05-11 10:59:30,338 [WARN] PackLoader:240 - Cannot read IP mode file for STMicroelectronics.X-CUBE-BLEMGR.3.1.0
2024-05-11 10:59:30,369 [WARN] PackLoader:240 - Cannot read IP mode file for STMicroelectronics.FP-SNS-SMARTAG2.1.2.0
2024-05-11 10:59:30,396 [INFO] LogOutputStream:77 - [STDOUT_REDIRECT] 1 : Invalid condition id : UX_CORESTACK_Condition cause : null
2024-05-11 10:59:30,398 [INFO] LogOutputStream:77 - [STDOUT_REDIRECT] 1 : Invalid condition id : UX_CORESTACK_Condition cause : null
2024-05-11 10:59:30,398 [INFO] LogOutputStream:77 - [STDOUT_REDIRECT] 1 : Invalid condition id : UX_CORESTACK_Condition cause : null
2024-05-11 10:59:30,399 [INFO] LogOutputStream:77 - [STDOUT_REDIRECT] 1 : Invalid condition id : UX_CORESTACK_Condition cause : null
2024-05-11 10:59:30,400 [INFO] LogOutputStream:77 - [STDOUT_REDIRECT] 1 : Invalid condition id : UX_CORESTACK_Condition cause : null
2024-05-11 10:59:30,416 [WARN] PackLoader:240 - Cannot read IP mode file for STMicroelectronics.X-CUBE-AZRTOS-WL.2.0.0
2024-05-11 10:59:30,443 [WARN] PackLoader:240 - Cannot read IP mode file for STMicroelectronics.FP-SNS-MOTENV1.5.0.0
2024-05-11 10:59:30,473 [WARN] PackLoader:240 - Cannot read IP mode file for WES.I-CUBE-Cesium.1.3.0
2024-05-11 10:59:30,494 [WARN] PackLoader:240 - Cannot read IP mode file for STMicroelectronics.X-CUBE-BLE2.3.3.0
2024-05-11 10:59:30,510 [WARN] PackLoader:240 - Cannot read IP mode file for STMicroelectronics.X-CUBE-TCPP.4.1.0
2024-05-11 10:59:30,529 [WARN] PackLoader:240 - Cannot read IP mode file for STMicroelectronics.X-CUBE-ALGOBUILD.1.3.0
2024-05-11 10:59:30,568 [WARN] PackLoader:240 - Cannot read IP mode file for STMicroelectronics.X-CUBE-AZRTOS-G0.1.1.0
2024-05-11 10:59:30,586 [WARN] PackLoader:240 - Cannot read IP mode file for STMicroelectronics.X-CUBE-SAFEA1.1.2.2
2024-05-11 10:59:30,599 [WARN] PackLoader:240 - Cannot read IP mode file for STMicroelectronics.X-CUBE-NFC4.3.0.0
2024-05-11 10:59:30,608 [WARN] PackLoader:240 - Cannot read IP mode file for STMicroelectronics.FP-ATR-SIGFOX1.3.2.0
2024-05-11 10:59:30,622 [WARN] PackLoader:240 - Cannot read IP mode file for STMicroelectronics.X-CUBE-EEPRMA1.5.1.0
2024-05-11 10:59:30,637 [WARN] PackLoader:240 - Cannot read IP mode file for ITTIA_DB.I-CUBE-ITTIADB.8.9.0
2024-05-11 10:59:30,763 [WARN] PackLoader:240 - Cannot read IP mode file for SEGGER.I-CUBE-embOS.1.3.1
2024-05-11 10:59:30,869 [WARN] PackLoader:240 - Cannot read IP mode file for STMicroelectronics.X-CUBE-ALGOBUILD.1.4.0
2024-05-11 10:59:30,884 [WARN] PackLoader:240 - Cannot read IP mode file for STMicroelectronics.X-CUBE-GNSS1.6.0.0
2024-05-11 10:59:30,953 [WARN] PackLoader:240 - Cannot read IP mode file for STMicroelectronics.X-CUBE-AZRTOS-F4.1.1.0
2024-05-11 10:59:30,978 [WARN] PackLoader:240 - Cannot read IP mode file for wolfSSL.I-CUBE-wolfSSL.5.6.3
2024-05-11 10:59:30,990 [WARN] PackLoader:240 - Cannot read IP mode file for STMicroelectronics.X-CUBE-FREERTOS.1.2.0
2024-05-11 10:59:31,046 [WARN] PackLoader:240 - Cannot read IP mode file for STMicroelectronics.X-CUBE-AZRTOS-L5.2.0.0
2024-05-11 10:59:31,223 [WARN] PackLoader:240 - Cannot read IP mode file for STMicroelectronics.X-CUBE-MEMS1.9.6.0
2024-05-11 10:59:31,541 [WARN] PackLoader:240 - Cannot read IP mode file for STMicroelectronics.X-CUBE-NFC6.3.1.0
2024-05-11 10:59:31,565 [WARN] PackLoader:240 - Cannot read IP mode file for STMicroelectronics.X-CUBE-BLEMGR.2.0.0
2024-05-11 10:59:31,579 [WARN] PackLoader:240 - Cannot read IP mode file for STMicroelectronics.X-CUBE-AI.9.0.0
2024-05-11 10:59:31,609 [WARN] ConditionMgr:438 - getConditionDescription Invalid condition id : UX DEVICE CLASS RTOS Condition cause : null
2024-05-11 10:59:31,610 [WARN] ConditionMgr:438 - getConditionDescription Invalid condition id : UX DEVICE CLASS RTOS Condition cause : null
2024-05-11 10:59:31,614 [WARN] PackLoader:240 - Cannot read IP mode file for STMicroelectronics.X-CUBE-AZRTOS-H7.3.1.0
2024-05-11 10:59:31,616 [WARN] ConditionMgr:1039 - genDependencies : Invalid condition id : UX DEVICE CLASS RTOS Condition cause : null
2024-05-11 10:59:31,617 [WARN] ConditionMgr:1039 - genDependencies : Invalid condition id : UX DEVICE CLASS RTOS Condition cause : null
2024-05-11 10:59:31,618 [WARN] ConditionMgr:1039 - genDependencies : Invalid condition id : UX DEVICE CLASS RTOS Condition cause : null
2024-05-11 10:59:31,619 [WARN] ConditionMgr:1039 - genDependencies : Invalid condition id : UX DEVICE CLASS RTOS Condition cause : null
2024-05-11 10:59:31,619 [WARN] ConditionMgr:1039 - genDependencies : Invalid condition id : UX DEVICE CLASS RTOS Condition cause : null
2024-05-11 10:59:31,632 [WARN] PackLoader:240 - Cannot read IP mode file for STMicroelectronics.X-CUBE-NFC7.1.0.1
2024-05-11 10:59:31,642 [WARN] PackLoader:240 - Cannot read IP mode file for STMicroelectronics.X-CUBE-NFC6.3.0.0
2024-05-11 10:59:31,652 [WARN] PackLoader:240 - Cannot read IP mode file for STMicroelectronics.X-CUBE-EEPRMA1.4.1.0
2024-05-11 10:59:31,658 [WARN] PackLoader:240 - Cannot read IP mode file for STMicroelectronics.X-CUBE-AI.8.1.0
2024-05-11 10:59:31,696 [WARN] ConditionMgr:438 - getConditionDescription Invalid condition id : LAN8742 Phy interface Condition cause : null
2024-05-11 10:59:31,697 [WARN] PackLoader:240 - Cannot read IP mode file for STMicroelectronics.X-CUBE-AZRTOS-L4.2.0.0
2024-05-11 10:59:31,700 [WARN] ConditionMgr:1039 - genDependencies : Invalid condition id : LAN8742 Phy interface Condition cause : null
2024-05-11 10:59:31,701 [WARN] ConditionMgr:1039 - genDependencies : Invalid condition id : LAN8742 Phy interface Condition cause : null
2024-05-11 10:59:31,702 [WARN] ConditionMgr:1039 - genDependencies : Invalid condition id : LAN8742 Phy interface Condition cause : null
2024-05-11 10:59:31,716 [WARN] PackLoader:240 - Cannot read IP mode file for STMicroelectronics.X-CUBE-SFXS2LP1.4.0.0
2024-05-11 10:59:31,725 [WARN] PackLoader:240 - Cannot read IP mode file for STMicroelectronics.X-CUBE-ISPU.1.1.0
2024-05-11 10:59:31,746 [WARN] ConditionMgr:438 - getConditionDescription Invalid condition id : UX DEVICE CLASS RTOS Condition cause : null
2024-05-11 10:59:31,746 [WARN] ConditionMgr:438 - getConditionDescription Invalid condition id : UX DEVICE CLASS RTOS Condition cause : null
2024-05-11 10:59:31,750 [WARN] PackLoader:240 - Cannot read IP mode file for STMicroelectronics.X-CUBE-AZRTOS-WB.2.0.0
2024-05-11 10:59:31,751 [WARN] ConditionMgr:1039 - genDependencies : Invalid condition id : UX DEVICE CLASS RTOS Condition cause : null
2024-05-11 10:59:31,751 [WARN] ConditionMgr:1039 - genDependencies : Invalid condition id : UX DEVICE CLASS RTOS Condition cause : null
2024-05-11 10:59:31,751 [WARN] ConditionMgr:1039 - genDependencies : Invalid condition id : UX DEVICE CLASS RTOS Condition cause : null
2024-05-11 10:59:31,752 [WARN] ConditionMgr:1039 - genDependencies : Invalid condition id : UX DEVICE CLASS RTOS Condition cause : null
2024-05-11 10:59:31,752 [WARN] ConditionMgr:1039 - genDependencies : Invalid condition id : UX DEVICE CLASS RTOS Condition cause : null
2024-05-11 10:59:31,769 [WARN] PackLoader:240 - Cannot read IP mode file for STMicroelectronics.X-CUBE-SUBG2.5.0.0
2024-05-11 10:59:31,788 [WARN] PackLoader:240 - Cannot read IP mode file for STMicroelectronics.X-CUBE-TOF1.3.3.1
2024-05-11 10:59:31,823 [WARN] PackLoader:240 - Cannot read IP mode file for STMicroelectronics.X-CUBE-AZRTOS-G4.2.0.0
2024-05-11 10:59:31,830 [WARN] PackLoader:240 - Cannot read IP mode file for STMicroelectronics.X-CUBE-ISPU.2.0.0
2024-05-11 10:59:31,918 [WARN] PackLoader:240 - Cannot read IP mode file for STMicroelectronics.X-CUBE-MEMS1.10.0.0
2024-05-11 10:59:32,145 [WARN] PackLoader:240 - Cannot read IP mode file for STMicroelectronics.X-CUBE-FREERTOS.1.1.0
2024-05-11 10:59:32,153 [WARN] PackLoader:240 - Cannot read IP mode file for portGmbH.I-Cube-SoM-uGOAL.1.1.0
2024-05-11 10:59:32,160 [WARN] PackLoader:240 - Cannot read IP mode file for STMicroelectronics.X-CUBE-ALS.1.0.1
2024-05-11 10:59:32,195 [WARN] PackLoader:240 - Cannot read IP mode file for STMicroelectronics.X-CUBE-AZRTOS-H7RS.1.0.0
2024-05-11 10:59:32,212 [WARN] PackLoader:240 - Cannot read IP mode file for STMicroelectronics.FP-ATR-ASTRA1.2.0.0
2024-05-11 10:59:32,238 [WARN] PackLoader:240 - Cannot read IP mode file for STMicroelectronics.X-CUBE-TOF1.3.4.1
2024-05-11 10:59:32,311 [WARN] PackLoader:240 - Cannot read IP mode file for STMicroelectronics.X-CUBE-AZRTOS-H7.3.2.0
2024-05-11 10:59:32,345 [WARN] PackLoader:240 - Cannot read IP mode file for Infineon.AIROC-Wi-Fi-Bluetooth-STM32.1.6.0
2024-05-11 10:59:32,353 [INFO] ThirdParty:978 - Integrity check success = true
2024-05-11 10:59:32,353 [INFO] IntegrityCheckThread:100 - exiting critical section [integrity check]
2024-05-11 10:59:32,353 [INFO] IntegrityCheckThread:103 - End integrity checks thread
2024-05-11 12:10:05,897 [ERROR] LogOutputStream:75 - [STDERR_REDIRECT] 
